2024-12-13 14:44:59,465 - INFO - ************************************************************
2024-12-13 14:44:59,465 - INFO - Initializing PipelineManager-Logger
2024-12-13 14:44:59,465 - INFO - ************************************************************
2024-12-13 14:45:09,782 - INFO - ************************************************************
2024-12-13 14:45:09,782 - INFO - Initializing PipelineManager-Logger
2024-12-13 14:45:09,782 - INFO - ************************************************************
2024-12-13 14:48:20,540 - INFO - ************************************************************
2024-12-13 14:48:20,541 - INFO - Initializing PipelineManager-Logger
2024-12-13 14:48:20,541 - INFO - ************************************************************
2024-12-13 14:49:14,072 - INFO - ************************************************************
2024-12-13 14:49:14,073 - INFO - Initializing PipelineManager-Logger
2024-12-13 14:49:14,073 - INFO - ************************************************************
2024-12-13 14:51:10,623 - INFO - ************************************************************
2024-12-13 14:51:10,624 - INFO - Initializing PipelineManager-Logger
2024-12-13 14:51:10,624 - INFO - ************************************************************
2024-12-13 14:52:27,965 - INFO - ************************************************************
2024-12-13 14:52:27,965 - INFO - Initializing PipelineManager-Logger
2024-12-13 14:52:27,965 - INFO - ************************************************************
2024-12-13 14:53:48,197 - INFO - ************************************************************
2024-12-13 14:53:48,197 - INFO - Initializing PipelineManager-Logger
2024-12-13 14:53:48,197 - INFO - ************************************************************
2024-12-13 14:54:11,475 - INFO - ************************************************************
2024-12-13 14:54:11,475 - INFO - Initializing PipelineManager-Logger
2024-12-13 14:54:11,475 - INFO - ************************************************************
2024-12-13 14:55:09,376 - INFO - ************************************************************
2024-12-13 14:55:09,377 - INFO - Initializing PipelineManager-Logger
2024-12-13 14:55:09,377 - INFO - ************************************************************
2024-12-13 14:55:40,385 - INFO - ************************************************************
2024-12-13 14:55:40,385 - INFO - Initializing PipelineManager-Logger
2024-12-13 14:55:40,385 - INFO - ************************************************************
2024-12-13 15:02:18,817 - INFO - ************************************************************
2024-12-13 15:02:18,817 - INFO - Initializing PipelineManager-Logger
2024-12-13 15:02:18,817 - INFO - ************************************************************
2024-12-13 15:06:41,930 - INFO - ************************************************************
2024-12-13 15:06:41,931 - INFO - Initializing PipelineManager-Logger
2024-12-13 15:06:41,931 - INFO - ************************************************************
2024-12-13 15:07:41,092 - INFO - ************************************************************
2024-12-13 15:07:41,092 - INFO - Initializing PipelineManager-Logger
2024-12-13 15:07:41,092 - INFO - ************************************************************
2024-12-13 16:44:00,157 - INFO - ***************************************************************
2024-12-13 16:44:00,157 - INFO -                 Initializing PipelineManager...                
2024-12-13 16:44:00,158 - INFO - ***************************************************************
2024-12-13 16:44:32,143 - INFO - ***************************************************************
2024-12-13 16:44:32,143 - INFO -                 Initializing PipelineManager...                
2024-12-13 16:44:32,143 - INFO - ***************************************************************
2024-12-13 16:45:19,392 - INFO - ***************************************************************
2024-12-13 16:45:19,392 - INFO -                 Initializing PipelineManager...                
2024-12-13 16:45:19,392 - INFO - ***************************************************************
2024-12-13 16:45:52,262 - INFO - ***************************************************************
2024-12-13 16:45:52,262 - INFO -                 Initializing PipelineManager...                
2024-12-13 16:45:52,262 - INFO - ***************************************************************
2024-12-13 16:53:20,847 - INFO - ***************************************************************
2024-12-13 16:53:20,847 - INFO -                 Initializing PipelineManager...                
2024-12-13 16:53:20,847 - INFO - ***************************************************************
2024-12-13 16:55:56,672 - INFO - ***************************************************************
2024-12-13 16:55:56,672 - INFO -                 Initializing PipelineManager...                
2024-12-13 16:55:56,672 - INFO - ***************************************************************
2024-12-13 17:09:48,393 - INFO - ***************************************************************
2024-12-13 17:09:48,393 - INFO -                 Initializing PipelineManager...                
2024-12-13 17:09:48,393 - INFO - ***************************************************************
2024-12-13 17:21:31,908 - INFO - ***************************************************************
2024-12-13 17:21:31,908 - INFO -                 Initializing PipelineManager...                
2024-12-13 17:21:31,908 - INFO - ***************************************************************
2024-12-13 17:23:40,112 - INFO - ***************************************************************
2024-12-13 17:23:40,112 - INFO -                 Initializing PipelineManager...                
2024-12-13 17:23:40,112 - INFO - ***************************************************************
2024-12-13 17:23:49,106 - INFO - ***************************************************************
2024-12-13 17:23:49,106 - INFO -                 Initializing PipelineManager...                
2024-12-13 17:23:49,106 - INFO - ***************************************************************
2024-12-13 17:27:00,966 - INFO - ***************************************************************
2024-12-13 17:27:00,967 - INFO -                 Initializing PipelineManager...                
2024-12-13 17:27:00,967 - INFO - ***************************************************************
2024-12-13 17:28:33,872 - INFO - ***************************************************************
2024-12-13 17:28:33,873 - INFO -                 Initializing PipelineManager...                
2024-12-13 17:28:33,873 - INFO - ***************************************************************
2024-12-13 21:28:57,363 - INFO - ***************************************************************
2024-12-13 21:28:57,363 - INFO -                 Initializing PipelineManager...                
2024-12-13 21:28:57,363 - INFO - ***************************************************************
2024-12-13 22:26:52,304 - INFO - ***************************************************************
2024-12-13 22:26:52,304 - INFO -                 Initializing PipelineManager...                
2024-12-13 22:26:52,304 - INFO - ***************************************************************
2024-12-13 22:53:21,781 - INFO - ***************************************************************
2024-12-13 22:53:21,781 - INFO -                 Initializing PipelineManager...                
2024-12-13 22:53:21,781 - INFO - ***************************************************************
2024-12-13 22:53:24,176 - INFO - Deleting and recreating topics in developer mode.
2024-12-13 22:53:24,251 - INFO - Deleting and recreating topics in developer mode.
2024-12-13 22:53:24,264 - INFO - Deleting and recreating topics in developer mode.
2024-12-13 22:53:24,276 - INFO - Deleting and recreating topics in developer mode.
2024-12-13 22:53:24,289 - INFO - Deleting and recreating topics in developer mode.
2024-12-13 22:53:24,302 - INFO - Deleting and recreating topics in developer mode.
2024-12-13 22:53:24,314 - INFO - Deleting and recreating topics in developer mode.
2024-12-13 22:53:24,327 - INFO - Deleting and recreating topics in developer mode.
2024-12-13 22:53:24,339 - INFO - Deleting and recreating topics in developer mode.
2024-12-13 22:53:24,352 - INFO - Deleting and recreating topics in developer mode.
2024-12-13 22:53:24,365 - INFO - Deleting and recreating topics in developer mode.
2024-12-13 22:53:24,378 - INFO - Deleting and recreating topics in developer mode.
2024-12-13 22:53:24,390 - INFO - Deleting and recreating topics in developer mode.
2024-12-13 22:53:24,403 - INFO - Deleting and recreating topics in developer mode.
2024-12-13 22:53:24,416 - INFO - Deleting and recreating topics in developer mode.
2024-12-13 22:53:24,429 - INFO - Deleting and recreating topics in developer mode.
2024-12-13 22:53:24,441 - INFO - Deleting and recreating topics in developer mode.
2024-12-13 22:53:24,454 - INFO - Deleting and recreating topics in developer mode.
2024-12-13 22:53:24,467 - INFO - Deleting and recreating topics in developer mode.
2024-12-13 22:53:24,480 - INFO - Deleting and recreating topics in developer mode.
2024-12-13 22:53:24,492 - INFO - Deleting and recreating topics in developer mode.
2024-12-13 22:53:24,505 - INFO - Deleting and recreating topics in developer mode.
2024-12-13 22:53:24,518 - INFO - Deleting and recreating topics in developer mode.
2024-12-13 22:53:24,530 - INFO - Deleting and recreating topics in developer mode.
2024-12-13 22:53:24,543 - INFO - Deleting and recreating topics in developer mode.
2024-12-13 22:53:24,555 - INFO - Deleting and recreating topics in developer mode.
2024-12-13 22:53:24,568 - INFO - Deleting and recreating topics in developer mode.
2024-12-13 22:53:24,580 - INFO - Deleting and recreating topics in developer mode.
2024-12-13 22:53:24,593 - INFO - Deleting and recreating topics in developer mode.
2024-12-13 22:53:24,606 - INFO - Deleting and recreating topics in developer mode.
2024-12-13 22:53:24,619 - INFO - Deleting and recreating topics in developer mode.
2024-12-13 22:53:24,632 - INFO - Deleting and recreating topics in developer mode.
2024-12-13 22:53:24,645 - INFO - Deleting and recreating topics in developer mode.
2024-12-13 22:53:24,658 - INFO - Deleting and recreating topics in developer mode.
2024-12-13 22:53:24,671 - INFO - Deleting and recreating topics in developer mode.
2024-12-13 22:53:24,683 - INFO - Deleting and recreating topics in developer mode.
2024-12-13 22:53:24,696 - INFO - Deleting and recreating topics in developer mode.
2024-12-13 22:53:24,709 - INFO - Deleting and recreating topics in developer mode.
2024-12-13 22:53:24,722 - INFO - Deleting and recreating topics in developer mode.
2024-12-13 22:53:24,735 - INFO - Deleting and recreating topics in developer mode.
2024-12-13 22:53:24,748 - INFO - Deleting and recreating topics in developer mode.
2024-12-13 22:53:24,761 - INFO - Deleting and recreating topics in developer mode.
2024-12-13 22:53:24,774 - INFO - Deleting and recreating topics in developer mode.
2024-12-13 22:53:24,787 - INFO - Deleting and recreating topics in developer mode.
2024-12-13 22:53:24,799 - INFO - Deleting and recreating topics in developer mode.
2024-12-13 22:53:24,812 - INFO - Deleting and recreating topics in developer mode.
2024-12-13 22:53:24,825 - INFO - Deleting and recreating topics in developer mode.
2024-12-13 22:53:24,838 - INFO - Deleting and recreating topics in developer mode.
2024-12-13 22:53:24,851 - INFO - Deleting and recreating topics in developer mode.
2024-12-13 22:53:24,864 - INFO - Deleting and recreating topics in developer mode.
2024-12-13 22:53:24,876 - INFO - Deleting and recreating topics in developer mode.
2024-12-13 22:53:24,889 - INFO - Deleting and recreating topics in developer mode.
2024-12-13 22:53:24,902 - INFO - Deleting and recreating topics in developer mode.
2024-12-13 22:53:24,915 - INFO - Deleting and recreating topics in developer mode.
2024-12-13 22:53:24,928 - INFO - Deleting and recreating topics in developer mode.
2024-12-13 22:53:24,941 - INFO - Deleting and recreating topics in developer mode.
2024-12-13 22:53:24,954 - INFO - Deleting and recreating topics in developer mode.
2024-12-13 22:53:24,966 - INFO - Deleting and recreating topics in developer mode.
2024-12-13 22:53:24,979 - INFO - Deleting and recreating topics in developer mode.
2024-12-13 22:53:24,992 - INFO - Deleting and recreating topics in developer mode.
2024-12-13 22:53:25,005 - INFO - Deleting and recreating topics in developer mode.
2024-12-13 22:53:25,017 - INFO - Deleting and recreating topics in developer mode.
2024-12-13 22:53:25,030 - INFO - Deleting and recreating topics in developer mode.
2024-12-13 22:53:25,042 - INFO - Deleting and recreating topics in developer mode.
2024-12-13 22:53:25,055 - INFO - Deleting and recreating topics in developer mode.
2024-12-13 22:53:25,067 - INFO - Deleting and recreating topics in developer mode.
2024-12-13 22:53:25,080 - INFO - Deleting and recreating topics in developer mode.
2024-12-13 22:53:25,093 - INFO - Deleting and recreating topics in developer mode.
2024-12-13 22:53:25,105 - INFO - Deleting and recreating topics in developer mode.
2024-12-13 22:53:25,118 - INFO - Deleting and recreating topics in developer mode.
2024-12-13 22:53:25,130 - INFO - Deleting and recreating topics in developer mode.
2024-12-13 22:53:25,143 - INFO - Deleting and recreating topics in developer mode.
2024-12-13 22:53:25,155 - INFO - Deleting and recreating topics in developer mode.
2024-12-13 22:53:25,168 - INFO - Deleting and recreating topics in developer mode.
2024-12-13 22:53:25,180 - INFO - Deleting and recreating topics in developer mode.
2024-12-13 22:53:25,193 - INFO - Deleting and recreating topics in developer mode.
2024-12-13 22:53:25,206 - INFO - Deleting and recreating topics in developer mode.
2024-12-13 22:53:25,218 - INFO - Deleting and recreating topics in developer mode.
2024-12-13 22:53:25,230 - INFO - Deleting and recreating topics in developer mode.
2024-12-13 22:53:25,243 - INFO - Deleting and recreating topics in developer mode.
2024-12-13 22:53:25,255 - INFO - Deleting and recreating topics in developer mode.
2024-12-13 22:53:25,268 - INFO - Deleting and recreating topics in developer mode.
2024-12-13 22:53:25,281 - INFO - Deleting and recreating topics in developer mode.
2024-12-13 22:53:25,293 - INFO - Deleting and recreating topics in developer mode.
2024-12-13 22:53:25,306 - INFO - Deleting and recreating topics in developer mode.
2024-12-13 22:53:25,318 - INFO - Deleting and recreating topics in developer mode.
2024-12-13 22:53:25,331 - INFO - Deleting and recreating topics in developer mode.
2024-12-13 22:53:25,344 - INFO - Deleting and recreating topics in developer mode.
2024-12-13 22:53:25,357 - INFO - Deleting and recreating topics in developer mode.
2024-12-13 22:53:25,369 - INFO - Deleting and recreating topics in developer mode.
2024-12-13 22:53:25,382 - INFO - Deleting and recreating topics in developer mode.
2024-12-13 22:53:25,395 - INFO - Deleting and recreating topics in developer mode.
2024-12-13 22:53:25,407 - INFO - Deleting and recreating topics in developer mode.
2024-12-13 22:53:25,420 - INFO - Deleting and recreating topics in developer mode.
2024-12-13 22:53:25,432 - INFO - Deleting and recreating topics in developer mode.
2024-12-13 22:53:25,445 - INFO - Deleting and recreating topics in developer mode.
2024-12-13 22:53:25,458 - INFO - Deleting and recreating topics in developer mode.
2024-12-13 22:53:25,471 - INFO - Deleting and recreating topics in developer mode.
2024-12-13 22:53:25,483 - INFO - Deleting and recreating topics in developer mode.
2024-12-13 22:53:25,496 - INFO - Deleting and recreating topics in developer mode.
2024-12-13 22:53:25,509 - INFO - Deleting and recreating topics in developer mode.
2024-12-13 22:53:25,521 - INFO - Deleting and recreating topics in developer mode.
2024-12-13 22:53:25,534 - INFO - Deleting and recreating topics in developer mode.
2024-12-13 22:53:25,546 - INFO - Deleting and recreating topics in developer mode.
2024-12-13 22:53:25,559 - INFO - Deleting and recreating topics in developer mode.
2024-12-13 22:53:25,572 - INFO - Deleting and recreating topics in developer mode.
2024-12-13 22:53:25,584 - INFO - Deleting and recreating topics in developer mode.
2024-12-13 22:53:25,597 - INFO - Deleting and recreating topics in developer mode.
2024-12-13 22:53:25,609 - INFO - Deleting and recreating topics in developer mode.
2024-12-13 22:53:25,622 - INFO - Deleting and recreating topics in developer mode.
2024-12-13 22:53:25,634 - INFO - Deleting and recreating topics in developer mode.
2024-12-13 22:53:25,647 - INFO - Deleting and recreating topics in developer mode.
2024-12-13 22:53:25,660 - INFO - Deleting and recreating topics in developer mode.
2024-12-13 22:53:25,674 - INFO - Deleting and recreating topics in developer mode.
2024-12-13 22:53:25,687 - INFO - Deleting and recreating topics in developer mode.
2024-12-13 22:53:25,700 - INFO - Deleting and recreating topics in developer mode.
2024-12-13 22:53:25,712 - INFO - Deleting and recreating topics in developer mode.
2024-12-13 22:53:25,725 - INFO - Deleting and recreating topics in developer mode.
2024-12-13 22:53:25,738 - INFO - Deleting and recreating topics in developer mode.
2024-12-13 22:53:25,751 - INFO - Deleting and recreating topics in developer mode.
2024-12-13 22:53:25,764 - INFO - Deleting and recreating topics in developer mode.
2024-12-13 22:53:25,778 - INFO - Deleting and recreating topics in developer mode.
2024-12-13 22:53:25,791 - INFO - Deleting and recreating topics in developer mode.
2024-12-13 22:53:25,804 - INFO - Deleting and recreating topics in developer mode.
2024-12-13 22:53:25,817 - INFO - Deleting and recreating topics in developer mode.
2024-12-13 22:53:25,831 - INFO - Deleting and recreating topics in developer mode.
2024-12-13 22:53:25,844 - INFO - Deleting and recreating topics in developer mode.
2024-12-13 22:53:25,857 - INFO - Deleting and recreating topics in developer mode.
2024-12-13 22:53:25,870 - INFO - Deleting and recreating topics in developer mode.
2024-12-13 22:53:25,882 - INFO - Deleting and recreating topics in developer mode.
2024-12-13 22:53:25,896 - INFO - Deleting and recreating topics in developer mode.
2024-12-13 22:53:25,908 - INFO - Deleting and recreating topics in developer mode.
2024-12-13 22:53:25,921 - INFO - Deleting and recreating topics in developer mode.
2024-12-13 22:53:25,934 - INFO - Deleting and recreating topics in developer mode.
2024-12-13 22:53:25,947 - INFO - Deleting and recreating topics in developer mode.
2024-12-13 22:53:25,960 - INFO - Deleting and recreating topics in developer mode.
2024-12-13 22:53:25,973 - INFO - Deleting and recreating topics in developer mode.
2024-12-13 22:53:25,986 - INFO - Deleting and recreating topics in developer mode.
2024-12-13 22:53:25,999 - INFO - Deleting and recreating topics in developer mode.
2024-12-13 22:53:26,012 - INFO - Deleting and recreating topics in developer mode.
2024-12-13 22:53:26,025 - INFO - Deleting and recreating topics in developer mode.
2024-12-13 22:53:26,038 - INFO - Deleting and recreating topics in developer mode.
2024-12-13 22:53:26,051 - INFO - Deleting and recreating topics in developer mode.
2024-12-13 22:53:26,064 - INFO - Deleting and recreating topics in developer mode.
2024-12-13 22:53:26,077 - INFO - Deleting and recreating topics in developer mode.
2024-12-13 22:53:26,090 - INFO - Deleting and recreating topics in developer mode.
2024-12-13 22:53:26,103 - INFO - Deleting and recreating topics in developer mode.
2024-12-13 22:53:26,116 - INFO - Deleting and recreating topics in developer mode.
2024-12-13 22:53:26,128 - INFO - Deleting and recreating topics in developer mode.
2024-12-13 22:53:26,141 - INFO - Deleting and recreating topics in developer mode.
2024-12-13 22:53:26,154 - INFO - Deleting and recreating topics in developer mode.
2024-12-13 22:53:26,167 - INFO - Deleting and recreating topics in developer mode.
2024-12-13 22:53:26,180 - INFO - Deleting and recreating topics in developer mode.
2024-12-13 22:53:26,194 - INFO - Deleting and recreating topics in developer mode.
2024-12-13 22:53:26,207 - INFO - Deleting and recreating topics in developer mode.
2024-12-13 22:53:26,220 - INFO - Deleting and recreating topics in developer mode.
2024-12-13 22:53:26,233 - INFO - Deleting and recreating topics in developer mode.
2024-12-13 22:53:26,246 - INFO - Deleting and recreating topics in developer mode.
2024-12-13 22:53:26,259 - INFO - Deleting and recreating topics in developer mode.
2024-12-13 22:53:26,272 - INFO - Deleting and recreating topics in developer mode.
2024-12-13 22:53:26,285 - INFO - Deleting and recreating topics in developer mode.
2024-12-13 22:53:26,298 - INFO - Deleting and recreating topics in developer mode.
2024-12-13 22:53:26,312 - INFO - Deleting and recreating topics in developer mode.
2024-12-13 22:53:26,325 - INFO - Deleting and recreating topics in developer mode.
2024-12-13 22:53:26,338 - INFO - Deleting and recreating topics in developer mode.
2024-12-13 22:53:26,351 - INFO - Deleting and recreating topics in developer mode.
2024-12-13 22:53:26,364 - INFO - Deleting and recreating topics in developer mode.
2024-12-13 22:53:26,377 - INFO - Deleting and recreating topics in developer mode.
2024-12-13 22:53:26,392 - INFO - Deleting and recreating topics in developer mode.
2024-12-13 22:53:26,405 - INFO - Deleting and recreating topics in developer mode.
2024-12-13 22:53:26,418 - INFO - Deleting and recreating topics in developer mode.
2024-12-13 22:53:26,431 - INFO - Deleting and recreating topics in developer mode.
2024-12-13 22:53:26,444 - INFO - Deleting and recreating topics in developer mode.
2024-12-13 22:53:26,457 - INFO - Deleting and recreating topics in developer mode.
2024-12-13 22:53:26,470 - INFO - Deleting and recreating topics in developer mode.
2024-12-13 22:53:26,483 - INFO - Deleting and recreating topics in developer mode.
2024-12-13 22:53:26,496 - INFO - Deleting and recreating topics in developer mode.
2024-12-13 22:53:26,509 - INFO - Deleting and recreating topics in developer mode.
2024-12-13 22:53:26,522 - INFO - Deleting and recreating topics in developer mode.
2024-12-13 22:53:26,534 - INFO - Deleting and recreating topics in developer mode.
2024-12-13 22:53:26,547 - INFO - Deleting and recreating topics in developer mode.
2024-12-13 22:53:26,560 - INFO - Deleting and recreating topics in developer mode.
2024-12-13 22:53:26,573 - INFO - Deleting and recreating topics in developer mode.
2024-12-13 22:53:26,586 - INFO - Deleting and recreating topics in developer mode.
2024-12-13 22:53:26,598 - INFO - Deleting and recreating topics in developer mode.
2024-12-13 22:53:26,611 - INFO - Deleting and recreating topics in developer mode.
2024-12-13 22:53:26,624 - INFO - Deleting and recreating topics in developer mode.
2024-12-13 22:53:26,637 - INFO - Deleting and recreating topics in developer mode.
2024-12-13 22:53:26,650 - INFO - Deleting and recreating topics in developer mode.
2024-12-13 22:53:26,664 - INFO - Deleting and recreating topics in developer mode.
2024-12-13 22:53:26,677 - INFO - Deleting and recreating topics in developer mode.
2024-12-13 22:53:26,691 - INFO - Deleting and recreating topics in developer mode.
2024-12-13 22:53:26,705 - INFO - Deleting and recreating topics in developer mode.
2024-12-13 22:53:26,718 - INFO - Deleting and recreating topics in developer mode.
2024-12-13 22:53:26,731 - INFO - Deleting and recreating topics in developer mode.
2024-12-13 22:53:26,744 - INFO - Deleting and recreating topics in developer mode.
2024-12-13 22:53:26,757 - INFO - Deleting and recreating topics in developer mode.
2024-12-13 22:53:26,770 - INFO - Deleting and recreating topics in developer mode.
2024-12-13 22:53:26,783 - INFO - Deleting and recreating topics in developer mode.
2024-12-13 22:53:26,796 - INFO - Deleting and recreating topics in developer mode.
2024-12-13 22:53:26,809 - INFO - Deleting and recreating topics in developer mode.
2024-12-13 22:53:26,822 - INFO - Deleting and recreating topics in developer mode.
2024-12-13 22:53:26,835 - INFO - Deleting and recreating topics in developer mode.
2024-12-13 22:53:26,848 - INFO - Deleting and recreating topics in developer mode.
2024-12-13 22:53:26,862 - INFO - Deleting and recreating topics in developer mode.
2024-12-13 22:53:26,875 - INFO - Deleting and recreating topics in developer mode.
2024-12-13 22:53:26,889 - INFO - Deleting and recreating topics in developer mode.
2024-12-13 22:53:26,902 - INFO - Deleting and recreating topics in developer mode.
2024-12-13 22:53:26,914 - INFO - Deleting and recreating topics in developer mode.
2024-12-13 22:53:26,927 - INFO - Deleting and recreating topics in developer mode.
2024-12-13 22:53:26,940 - INFO - Deleting and recreating topics in developer mode.
2024-12-13 22:53:26,954 - INFO - Deleting and recreating topics in developer mode.
2024-12-13 22:53:26,967 - INFO - Deleting and recreating topics in developer mode.
2024-12-13 22:53:26,980 - INFO - Deleting and recreating topics in developer mode.
2024-12-13 22:53:26,992 - INFO - Deleting and recreating topics in developer mode.
2024-12-13 22:53:27,005 - INFO - Deleting and recreating topics in developer mode.
2024-12-13 22:53:27,019 - INFO - Deleting and recreating topics in developer mode.
2024-12-13 22:53:27,031 - INFO - Deleting and recreating topics in developer mode.
2024-12-13 22:53:27,044 - INFO - Deleting and recreating topics in developer mode.
2024-12-13 22:53:27,057 - INFO - Deleting and recreating topics in developer mode.
2024-12-13 22:53:27,070 - INFO - Deleting and recreating topics in developer mode.
2024-12-13 22:53:27,083 - INFO - Deleting and recreating topics in developer mode.
2024-12-13 22:53:27,096 - INFO - Deleting and recreating topics in developer mode.
2024-12-13 22:53:27,109 - INFO - Deleting and recreating topics in developer mode.
2024-12-13 22:53:27,121 - INFO - Deleting and recreating topics in developer mode.
2024-12-13 22:53:27,134 - INFO - Deleting and recreating topics in developer mode.
2024-12-13 22:53:27,147 - INFO - Deleting and recreating topics in developer mode.
2024-12-13 22:53:27,160 - INFO - Deleting and recreating topics in developer mode.
2024-12-13 22:53:27,173 - INFO - Deleting and recreating topics in developer mode.
2024-12-13 22:53:27,186 - INFO - Deleting and recreating topics in developer mode.
2024-12-13 22:53:27,199 - INFO - Deleting and recreating topics in developer mode.
2024-12-13 22:53:27,212 - INFO - Deleting and recreating topics in developer mode.
2024-12-13 22:53:27,225 - INFO - Deleting and recreating topics in developer mode.
2024-12-13 22:53:27,237 - INFO - Deleting and recreating topics in developer mode.
2024-12-13 22:53:27,250 - INFO - Deleting and recreating topics in developer mode.
2024-12-13 22:53:27,263 - INFO - Deleting and recreating topics in developer mode.
2024-12-13 22:53:27,276 - INFO - Deleting and recreating topics in developer mode.
2024-12-13 22:53:27,289 - INFO - Deleting and recreating topics in developer mode.
2024-12-13 22:53:27,302 - INFO - Deleting and recreating topics in developer mode.
2024-12-13 22:53:27,315 - INFO - Deleting and recreating topics in developer mode.
2024-12-13 22:53:27,327 - INFO - Deleting and recreating topics in developer mode.
2024-12-13 22:53:27,340 - INFO - Deleting and recreating topics in developer mode.
2024-12-13 22:53:27,353 - INFO - Deleting and recreating topics in developer mode.
2024-12-13 22:53:27,367 - INFO - Deleting and recreating topics in developer mode.
2024-12-13 22:53:27,381 - INFO - Deleting and recreating topics in developer mode.
2024-12-13 22:53:27,395 - INFO - Deleting and recreating topics in developer mode.
2024-12-13 22:53:27,408 - INFO - Deleting and recreating topics in developer mode.
2024-12-13 22:53:27,421 - INFO - Deleting and recreating topics in developer mode.
2024-12-13 22:53:27,434 - INFO - Deleting and recreating topics in developer mode.
2024-12-13 22:53:27,446 - INFO - Deleting and recreating topics in developer mode.
2024-12-13 22:53:27,459 - INFO - Deleting and recreating topics in developer mode.
2024-12-13 22:53:27,472 - INFO - Deleting and recreating topics in developer mode.
2024-12-13 22:53:27,485 - INFO - Deleting and recreating topics in developer mode.
2024-12-13 22:53:27,498 - INFO - Deleting and recreating topics in developer mode.
2024-12-13 22:53:27,511 - INFO - Deleting and recreating topics in developer mode.
2024-12-13 22:53:27,523 - INFO - Deleting and recreating topics in developer mode.
2024-12-13 22:53:27,536 - INFO - Deleting and recreating topics in developer mode.
2024-12-13 22:53:27,549 - INFO - Deleting and recreating topics in developer mode.
2024-12-13 22:53:27,562 - INFO - Deleting and recreating topics in developer mode.
2024-12-13 22:53:27,574 - INFO - Deleting and recreating topics in developer mode.
2024-12-13 22:53:27,587 - INFO - Deleting and recreating topics in developer mode.
2024-12-13 22:53:27,600 - INFO - Deleting and recreating topics in developer mode.
2024-12-13 22:53:27,613 - INFO - Deleting and recreating topics in developer mode.
2024-12-13 22:53:27,626 - INFO - Deleting and recreating topics in developer mode.
2024-12-13 22:53:27,639 - INFO - Deleting and recreating topics in developer mode.
2024-12-13 22:53:27,652 - INFO - Deleting and recreating topics in developer mode.
2024-12-13 22:53:27,665 - INFO - Deleting and recreating topics in developer mode.
2024-12-13 22:53:27,677 - INFO - Deleting and recreating topics in developer mode.
2024-12-13 22:53:27,690 - INFO - Deleting and recreating topics in developer mode.
2024-12-13 22:53:27,703 - INFO - Deleting and recreating topics in developer mode.
2024-12-13 22:53:27,716 - INFO - Deleting and recreating topics in developer mode.
2024-12-13 22:53:27,730 - INFO - Deleting and recreating topics in developer mode.
2024-12-13 22:53:27,742 - INFO - Deleting and recreating topics in developer mode.
2024-12-13 22:53:27,755 - INFO - Deleting and recreating topics in developer mode.
2024-12-13 22:53:27,768 - INFO - Deleting and recreating topics in developer mode.
2024-12-13 22:53:27,781 - INFO - Deleting and recreating topics in developer mode.
2024-12-13 22:53:27,794 - INFO - Deleting and recreating topics in developer mode.
2024-12-13 22:53:27,807 - INFO - Deleting and recreating topics in developer mode.
2024-12-13 22:53:27,820 - INFO - Deleting and recreating topics in developer mode.
2024-12-13 22:53:27,833 - INFO - Deleting and recreating topics in developer mode.
2024-12-13 22:53:27,846 - INFO - Deleting and recreating topics in developer mode.
2024-12-13 22:53:27,859 - INFO - Deleting and recreating topics in developer mode.
2024-12-13 22:53:27,872 - INFO - Deleting and recreating topics in developer mode.
2024-12-13 22:53:27,885 - INFO - Deleting and recreating topics in developer mode.
2024-12-13 22:53:27,898 - INFO - Deleting and recreating topics in developer mode.
2024-12-13 22:53:27,912 - INFO - Deleting and recreating topics in developer mode.
2024-12-13 22:53:27,926 - INFO - Deleting and recreating topics in developer mode.
2024-12-13 22:53:27,945 - INFO - Deleting and recreating topics in developer mode.
2024-12-13 22:53:27,958 - INFO - Deleting and recreating topics in developer mode.
2024-12-13 22:53:27,972 - INFO - Deleting and recreating topics in developer mode.
2024-12-13 22:53:27,985 - INFO - Deleting and recreating topics in developer mode.
2024-12-13 22:53:27,998 - INFO - Deleting and recreating topics in developer mode.
2024-12-13 22:53:28,010 - INFO - Deleting and recreating topics in developer mode.
2024-12-13 22:53:28,023 - INFO - Deleting and recreating topics in developer mode.
2024-12-13 22:53:28,036 - INFO - Deleting and recreating topics in developer mode.
2024-12-13 22:53:28,049 - INFO - Deleting and recreating topics in developer mode.
2024-12-13 22:53:28,062 - INFO - Deleting and recreating topics in developer mode.
2024-12-13 22:53:28,075 - INFO - Deleting and recreating topics in developer mode.
2024-12-13 22:53:28,087 - INFO - Deleting and recreating topics in developer mode.
2024-12-13 22:53:28,100 - INFO - Deleting and recreating topics in developer mode.
2024-12-13 22:53:28,113 - INFO - Deleting and recreating topics in developer mode.
2024-12-13 22:53:28,125 - INFO - Deleting and recreating topics in developer mode.
2024-12-13 22:53:28,138 - INFO - Deleting and recreating topics in developer mode.
2024-12-13 22:53:28,151 - INFO - Deleting and recreating topics in developer mode.
2024-12-13 22:53:28,164 - INFO - Deleting and recreating topics in developer mode.
2024-12-13 22:53:28,177 - INFO - Deleting and recreating topics in developer mode.
2024-12-13 22:53:28,190 - INFO - Deleting and recreating topics in developer mode.
2024-12-13 22:53:28,204 - INFO - Deleting and recreating topics in developer mode.
2024-12-13 22:53:28,219 - INFO - Deleting and recreating topics in developer mode.
2024-12-13 22:53:28,232 - INFO - Deleting and recreating topics in developer mode.
2024-12-13 22:53:28,246 - INFO - Deleting and recreating topics in developer mode.
2024-12-13 22:53:28,259 - INFO - Deleting and recreating topics in developer mode.
2024-12-13 22:53:28,273 - INFO - Deleting and recreating topics in developer mode.
2024-12-13 22:53:28,287 - INFO - Deleting and recreating topics in developer mode.
2024-12-13 22:53:28,303 - INFO - Deleting and recreating topics in developer mode.
2024-12-13 22:53:28,317 - INFO - Deleting and recreating topics in developer mode.
2024-12-13 22:53:28,329 - INFO - Deleting and recreating topics in developer mode.
2024-12-13 22:53:28,343 - INFO - Deleting and recreating topics in developer mode.
2024-12-13 22:53:28,356 - INFO - Deleting and recreating topics in developer mode.
2024-12-13 22:53:28,369 - INFO - Deleting and recreating topics in developer mode.
2024-12-13 22:53:28,382 - INFO - Deleting and recreating topics in developer mode.
2024-12-13 22:53:28,395 - INFO - Deleting and recreating topics in developer mode.
2024-12-13 22:53:28,407 - INFO - Deleting and recreating topics in developer mode.
2024-12-13 22:53:28,420 - INFO - Deleting and recreating topics in developer mode.
2024-12-13 22:53:28,433 - INFO - Deleting and recreating topics in developer mode.
2024-12-13 22:53:28,446 - INFO - Deleting and recreating topics in developer mode.
2024-12-13 22:53:28,458 - INFO - Deleting and recreating topics in developer mode.
2024-12-13 22:53:28,471 - INFO - Deleting and recreating topics in developer mode.
2024-12-13 22:53:28,484 - INFO - Deleting and recreating topics in developer mode.
2024-12-13 22:53:28,497 - INFO - Deleting and recreating topics in developer mode.
2024-12-13 22:53:28,510 - INFO - Deleting and recreating topics in developer mode.
2024-12-13 22:53:28,522 - INFO - Deleting and recreating topics in developer mode.
2024-12-13 22:53:28,535 - INFO - Deleting and recreating topics in developer mode.
2024-12-13 22:53:28,548 - INFO - Deleting and recreating topics in developer mode.
2024-12-13 22:53:28,560 - INFO - Deleting and recreating topics in developer mode.
2024-12-13 22:53:28,573 - INFO - Deleting and recreating topics in developer mode.
2024-12-13 22:53:28,586 - INFO - Deleting and recreating topics in developer mode.
2024-12-13 22:53:28,598 - INFO - Deleting and recreating topics in developer mode.
2024-12-13 22:53:28,613 - INFO - Deleting and recreating topics in developer mode.
2024-12-13 22:53:28,625 - INFO - Deleting and recreating topics in developer mode.
2024-12-13 22:53:28,638 - INFO - Deleting and recreating topics in developer mode.
2024-12-13 22:53:28,650 - INFO - Deleting and recreating topics in developer mode.
2024-12-13 22:53:28,663 - INFO - Deleting and recreating topics in developer mode.
2024-12-13 22:53:28,675 - INFO - Deleting and recreating topics in developer mode.
2024-12-13 22:53:28,688 - INFO - Deleting and recreating topics in developer mode.
2024-12-13 22:53:28,701 - INFO - Deleting and recreating topics in developer mode.
2024-12-13 22:53:28,715 - INFO - Deleting and recreating topics in developer mode.
2024-12-13 22:53:28,728 - INFO - Deleting and recreating topics in developer mode.
2024-12-13 22:53:28,742 - INFO - Deleting and recreating topics in developer mode.
2024-12-13 22:53:28,755 - INFO - Deleting and recreating topics in developer mode.
2024-12-13 22:53:28,768 - INFO - Deleting and recreating topics in developer mode.
2024-12-13 22:53:28,781 - INFO - Deleting and recreating topics in developer mode.
2024-12-13 22:53:28,794 - INFO - Deleting and recreating topics in developer mode.
2024-12-13 22:53:28,806 - INFO - Deleting and recreating topics in developer mode.
2024-12-13 22:53:28,819 - INFO - Deleting and recreating topics in developer mode.
2024-12-13 22:53:28,832 - INFO - Deleting and recreating topics in developer mode.
2024-12-13 22:53:28,845 - INFO - Deleting and recreating topics in developer mode.
2024-12-13 22:53:28,857 - INFO - Deleting and recreating topics in developer mode.
2024-12-13 22:53:28,870 - INFO - Deleting and recreating topics in developer mode.
2024-12-13 22:53:28,882 - INFO - Deleting and recreating topics in developer mode.
2024-12-13 22:53:28,895 - INFO - Deleting and recreating topics in developer mode.
2024-12-13 22:53:28,907 - INFO - Deleting and recreating topics in developer mode.
2024-12-13 22:53:28,919 - INFO - Deleting and recreating topics in developer mode.
2024-12-13 22:53:28,932 - INFO - Deleting and recreating topics in developer mode.
2024-12-13 22:53:28,945 - INFO - Deleting and recreating topics in developer mode.
2024-12-13 22:53:28,957 - INFO - Deleting and recreating topics in developer mode.
2024-12-13 22:53:28,971 - INFO - Deleting and recreating topics in developer mode.
2024-12-13 22:53:28,985 - INFO - Deleting and recreating topics in developer mode.
2024-12-13 23:30:16,383 - INFO - ***************************************************************
2024-12-13 23:30:16,383 - INFO -                 Initializing PipelineManager...                
2024-12-13 23:30:16,383 - INFO - ***************************************************************
2024-12-13 23:30:18,941 - DEBUG - Created topic: equity_trades
2024-12-13 23:30:19,976 - DEBUG - Created topic: equity_trades
2024-12-13 23:30:21,014 - DEBUG - Created topic: equity_trades
2024-12-13 23:30:22,098 - DEBUG - Created topic: equity_trades
2024-12-13 23:30:23,130 - DEBUG - Created topic: equity_trades
2024-12-13 23:30:24,164 - DEBUG - Created topic: equity_trades
2024-12-13 23:30:25,195 - DEBUG - Created topic: equity_trades
2024-12-13 23:30:26,229 - DEBUG - Created topic: equity_trades
2024-12-13 23:30:27,261 - DEBUG - Created topic: equity_trades
2024-12-13 23:30:28,292 - DEBUG - Created topic: equity_trades
2024-12-13 23:30:29,327 - DEBUG - Created topic: equity_trades
2024-12-13 23:33:11,848 - INFO - ***************************************************************
2024-12-13 23:33:11,848 - INFO -                 Initializing PipelineManager...                
2024-12-13 23:33:11,848 - INFO - ***************************************************************
2024-12-13 23:33:14,297 - DEBUG - Created topic: equity_trades
2024-12-13 23:33:15,327 - DEBUG - Created topic: equity_trades
2024-12-13 23:33:16,375 - DEBUG - Created topic: equity_trades
2024-12-13 23:33:17,413 - DEBUG - Created topic: equity_trades
2024-12-13 23:33:18,449 - DEBUG - Created topic: equity_trades
2024-12-13 23:33:19,484 - DEBUG - Created topic: equity_trades
2024-12-13 23:33:20,528 - DEBUG - Created topic: equity_trades
2024-12-13 23:33:21,564 - DEBUG - Created topic: equity_trades
2024-12-13 23:33:22,595 - DEBUG - Created topic: equity_trades
2024-12-13 23:33:23,631 - DEBUG - Created topic: equity_trades
2024-12-13 23:33:24,663 - DEBUG - Created topic: equity_trades
2024-12-13 23:33:25,693 - DEBUG - Created topic: equity_trades
2024-12-13 23:33:26,727 - DEBUG - Created topic: equity_trades
2024-12-13 23:33:27,762 - DEBUG - Created topic: equity_trades
2024-12-13 23:33:28,796 - DEBUG - Created topic: equity_trades
2024-12-13 23:33:29,850 - DEBUG - Created topic: equity_trades
2024-12-13 23:33:30,905 - DEBUG - Created topic: equity_trades
2024-12-13 23:33:31,946 - DEBUG - Created topic: equity_trades
2024-12-13 23:33:32,991 - DEBUG - Created topic: equity_trades
2024-12-13 23:33:34,043 - DEBUG - Created topic: equity_trades
2024-12-13 23:33:35,096 - DEBUG - Created topic: equity_trades
2024-12-13 23:33:36,138 - DEBUG - Created topic: equity_trades
2024-12-13 23:33:37,182 - DEBUG - Created topic: equity_trades
2024-12-13 23:33:38,222 - DEBUG - Created topic: equity_trades
2024-12-13 23:33:39,274 - DEBUG - Created topic: equity_trades
2024-12-13 23:33:40,319 - DEBUG - Created topic: equity_trades
2024-12-13 23:33:41,361 - DEBUG - Created topic: equity_trades
2024-12-13 23:33:42,404 - DEBUG - Created topic: equity_trades
2024-12-13 23:33:43,460 - DEBUG - Created topic: equity_trades
2024-12-13 23:33:44,506 - DEBUG - Created topic: equity_trades
2024-12-13 23:33:45,547 - DEBUG - Created topic: equity_trades
2024-12-13 23:33:46,588 - DEBUG - Created topic: equity_trades
2024-12-13 23:33:47,640 - DEBUG - Created topic: equity_trades
2024-12-13 23:33:48,696 - DEBUG - Created topic: equity_trades
2024-12-13 23:33:49,734 - DEBUG - Created topic: equity_trades
2024-12-13 23:33:50,776 - DEBUG - Created topic: equity_trades
2024-12-13 23:33:51,817 - DEBUG - Created topic: equity_trades
2024-12-13 23:33:52,871 - DEBUG - Created topic: equity_trades
2024-12-13 23:33:53,921 - DEBUG - Created topic: equity_trades
2024-12-13 23:33:54,959 - DEBUG - Created topic: equity_trades
2024-12-13 23:33:55,997 - DEBUG - Created topic: equity_trades
2024-12-13 23:33:57,042 - DEBUG - Created topic: equity_trades
2024-12-13 23:33:58,083 - DEBUG - Created topic: equity_trades
2024-12-13 23:33:59,125 - DEBUG - Created topic: equity_trades
2024-12-13 23:34:00,168 - DEBUG - Created topic: equity_trades
2024-12-13 23:34:01,207 - DEBUG - Created topic: equity_trades
2024-12-13 23:34:02,264 - DEBUG - Created topic: equity_trades
2024-12-13 23:34:03,312 - DEBUG - Created topic: equity_trades
2024-12-13 23:34:04,395 - DEBUG - Created topic: equity_trades
2024-12-13 23:34:05,431 - DEBUG - Created topic: equity_trades
2024-12-13 23:34:06,468 - DEBUG - Created topic: equity_trades
2024-12-13 23:34:07,513 - DEBUG - Created topic: equity_trades
2024-12-13 23:34:08,565 - DEBUG - Created topic: equity_trades
2024-12-13 23:34:09,607 - DEBUG - Created topic: equity_trades
2024-12-13 23:34:10,644 - DEBUG - Created topic: equity_trades
2024-12-13 23:34:11,687 - DEBUG - Created topic: equity_trades
2024-12-13 23:34:12,734 - DEBUG - Created topic: equity_trades
2024-12-13 23:34:13,781 - DEBUG - Created topic: equity_trades
2024-12-13 23:34:14,822 - DEBUG - Created topic: equity_trades
2024-12-13 23:34:15,864 - DEBUG - Created topic: equity_trades
2024-12-13 23:34:16,918 - DEBUG - Created topic: equity_trades
2024-12-13 23:34:17,975 - DEBUG - Created topic: equity_trades
2024-12-13 23:34:19,019 - DEBUG - Created topic: equity_trades
2024-12-13 23:34:20,062 - DEBUG - Created topic: equity_trades
2024-12-13 23:34:21,102 - DEBUG - Created topic: equity_trades
2024-12-13 23:34:22,156 - DEBUG - Created topic: equity_trades
2024-12-13 23:34:23,195 - DEBUG - Created topic: equity_trades
2024-12-13 23:34:24,237 - DEBUG - Created topic: equity_trades
2024-12-13 23:34:25,291 - DEBUG - Created topic: equity_trades
2024-12-13 23:34:26,339 - DEBUG - Created topic: equity_trades
2024-12-13 23:34:27,381 - DEBUG - Created topic: equity_trades
2024-12-13 23:34:28,419 - DEBUG - Created topic: equity_trades
2024-12-13 23:34:29,458 - DEBUG - Created topic: equity_trades
2024-12-13 23:34:30,505 - DEBUG - Created topic: equity_trades
2024-12-13 23:34:31,559 - DEBUG - Created topic: equity_trades
2024-12-13 23:34:32,594 - DEBUG - Created topic: equity_trades
2024-12-13 23:34:33,626 - DEBUG - Created topic: equity_trades
2024-12-13 23:34:34,683 - DEBUG - Created topic: equity_trades
2024-12-13 23:34:35,727 - DEBUG - Created topic: equity_trades
