Starting client
Subscribing to DBEQ.BASIC
Subscribed to DBEQ.BASIC
Received MBP1Msg
Received MBP1Msg: Mbp1Msg { hd: RecordHeader { length: 22, rtype: Mbp1, publisher_id: DbeqBasicIexg, instrument_id: 18614, ts_event: 1734094801744190849 }, price: 1.960000000, size: 200, action: 'T', side: 'N', flags: LAST | TOB (194), depth: 0, ts_recv: 1734094801745205429, ts_in_delta: 250647, sequence: 56493, levels: [BidAskPair { bid_px: 1.930000000, ask_px: 1.960000000, bid_sz: 200, ask_sz: 200, bid_ct: 0, ask_ct: 0 }] }
Received MBP1Msg
Received MBP1Msg: Mbp1Msg { hd: RecordHeader { length: 22, rtype: Mbp1, publisher_id: DbeqBasicIexg, instrument_id: 16773, ts_event: 1734094802883984312 }, price: 2.280000000, size: 200, action: 'T', side: 'N', flags: LAST | TOB (194), depth: 0, ts_recv: 1734094802884673057, ts_in_delta: 70953, sequence: 56639, levels: [BidAskPair { bid_px: 2.270000000, ask_px: 2.280000000, bid_sz: 200, ask_sz: 200, bid_ct: 0, ask_ct: 0 }] }
Received MBP1Msg
Received MBP1Msg: Mbp1Msg { hd: RecordHeader { length: 22, rtype: Mbp1, publisher_id: DbeqBasicIexg, instrument_id: 16773, ts_event: 1734094805438326246 }, price: 2.280000000, size: 200, action: 'T', side: 'N', flags: LAST | TOB (194), depth: 0, ts_recv: 1734094805438690955, ts_in_delta: 58808, sequence: 56724, levels: [BidAskPair { bid_px: 2.270000000, ask_px: 2.280000000, bid_sz: 200, ask_sz: 200, bid_ct: 0, ask_ct: 0 }] }
Received MBP1Msg
Received MBP1Msg: Mbp1Msg { hd: RecordHeader { length: 22, rtype: Mbp1, publisher_id: DbeqBasicIexg, instrument_id: 16773, ts_event: 1734094805689563649 }, price: 2.270000000, size: 200, action: 'T', side: 'N', flags: LAST | TOB (194), depth: 0, ts_recv: 1734094805689931133, ts_in_delta: 48549, sequence: 56734, levels: [BidAskPair { bid_px: 2.270000000, ask_px: 2.290000000, bid_sz: 200, ask_sz: 200, bid_ct: 0, ask_ct: 0 }] }
Received MBP1Msg
Received MBP1Msg: Mbp1Msg { hd: RecordHeader { length: 22, rtype: Mbp1, publisher_id: DbeqBasicIexg, instrument_id: 16773, ts_event: 1734094805689563649 }, price: 2.270000000, size: 12, action: 'T', side: 'N', flags: LAST | TOB (194), depth: 0, ts_recv: 1734094805690008971, ts_in_delta: 38439, sequence: 56735, levels: [BidAskPair { bid_px: 2.270000000, ask_px: 2.290000000, bid_sz: 200, ask_sz: 200, bid_ct: 0, ask_ct: 0 }] }
Received MBP1Msg
Received MBP1Msg: Mbp1Msg { hd: RecordHeader { length: 22, rtype: Mbp1, publisher_id: DbeqBasicIexg, instrument_id: 16773, ts_event: 1734094812469265886 }, price: 2.230000000, size: 200, action: 'T', side: 'N', flags: LAST | TOB (194), depth: 0, ts_recv: 1734094812469620975, ts_in_delta: 64192, sequence: 56907, levels: [BidAskPair { bid_px: 2.210000000, ask_px: 2.230000000, bid_sz: 200, ask_sz: 200, bid_ct: 0, ask_ct: 0 }] }
Received MBP1Msg
Received MBP1Msg: Mbp1Msg { hd: RecordHeader { length: 22, rtype: Mbp1, publisher_id: DbeqBasicIexg, instrument_id: 18614, ts_event: 1734094814212780517 }, price: 1.960000000, size: 10, action: 'T', side: 'N', flags: LAST | TOB (194), depth: 0, ts_recv: 1734094814213185455, ts_in_delta: 50805, sequence: 56933, levels: [BidAskPair { bid_px: 1.960000000, ask_px: 1.970000000, bid_sz: 200, ask_sz: 200, bid_ct: 0, ask_ct: 0 }] }
Received MBP1Msg
Received MBP1Msg: Mbp1Msg { hd: RecordHeader { length: 22, rtype: Mbp1, publisher_id: DbeqBasicIexg, instrument_id: 1429, ts_event: 1734094819069638935 }, price: 213.210000000, size: 50, action: 'T', side: 'N', flags: LAST | TOB (194), depth: 0, ts_recv: 1734094819070675741, ts_in_delta: 57499, sequence: 57017, levels: [BidAskPair { bid_px: UNDEF_PRICE, ask_px: UNDEF_PRICE, bid_sz: 0, ask_sz: 0, bid_ct: 0, ask_ct: 0 }] }
Received MBP1Msg
Received MBP1Msg: Mbp1Msg { hd: RecordHeader { length: 22, rtype: Mbp1, publisher_id: DbeqBasicIexg, instrument_id: 10009, ts_event: 1734094824375272818 }, price: 1.670000000, size: 200, action: 'T', side: 'N', flags: LAST | TOB (194), depth: 0, ts_recv: 1734094824376020075, ts_in_delta: 59893, sequence: 57115, levels: [BidAskPair { bid_px: 1.650000000, ask_px: 1.670000000, bid_sz: 750, ask_sz: 500, bid_ct: 0, ask_ct: 0 }] }
Received MBP1Msg
Received MBP1Msg: Mbp1Msg { hd: RecordHeader { length: 22, rtype: Mbp1, publisher_id: DbeqBasicIexg, instrument_id: 18614, ts_event: 1734094827561022828 }, price: 1.960000000, size: 200, action: 'T', side: 'N', flags: LAST | TOB (194), depth: 0, ts_recv: 1734094827561382097, ts_in_delta: 64266, sequence: 57201, levels: [BidAskPair { bid_px: 1.960000000, ask_px: 1.970000000, bid_sz: 200, ask_sz: 200, bid_ct: 0, ask_ct: 0 }] }
Received MBP1Msg
Received MBP1Msg: Mbp1Msg { hd: RecordHeader { length: 22, rtype: Mbp1, publisher_id: DbeqBasicIexg, instrument_id: 16773, ts_event: 1734094836033493440 }, price: 2.200000000, size: 200, action: 'T', side: 'N', flags: LAST | TOB (194), depth: 0, ts_recv: 1734094836033808445, ts_in_delta: 62622, sequence: 57359, levels: [BidAskPair { bid_px: 2.200000000, ask_px: 2.210000000, bid_sz: 200, ask_sz: 200, bid_ct: 0, ask_ct: 0 }] }
Received MBP1Msg
Received MBP1Msg: Mbp1Msg { hd: RecordHeader { length: 22, rtype: Mbp1, publisher_id: DbeqBasicIexg, instrument_id: 18614, ts_event: 1734094836279768630 }, price: 1.930000000, size: 200, action: 'T', side: 'N', flags: LAST | TOB (194), depth: 0, ts_recv: 1734094836280151851, ts_in_delta: 44485, sequence: 57365, levels: [BidAskPair { bid_px: 1.930000000, ask_px: 1.960000000, bid_sz: 200, ask_sz: 200, bid_ct: 0, ask_ct: 0 }] }
Received MBP1Msg
Received MBP1Msg: Mbp1Msg { hd: RecordHeader { length: 22, rtype: Mbp1, publisher_id: DbeqBasicIexg, instrument_id: 16773, ts_event: 1734094836442054001 }, price: 2.190000000, size: 200, action: 'T', side: 'N', flags: LAST | TOB (194), depth: 0, ts_recv: 1734094836442280167, ts_in_delta: 39335, sequence: 57370, levels: [BidAskPair { bid_px: 2.170000000, ask_px: 2.190000000, bid_sz: 200, ask_sz: 200, bid_ct: 0, ask_ct: 0 }] }
Received MBP1Msg
Received MBP1Msg: Mbp1Msg { hd: RecordHeader { length: 22, rtype: Mbp1, publisher_id: DbeqBasicIexg, instrument_id: 10009, ts_event: 1734094839357971153 }, price: 1.680000000, size: 250, action: 'T', side: 'N', flags: LAST | TOB (194), depth: 0, ts_recv: 1734094839358351591, ts_in_delta: 45251, sequence: 57408, levels: [BidAskPair { bid_px: 1.680000000, ask_px: 1.700000000, bid_sz: 250, ask_sz: 500, bid_ct: 0, ask_ct: 0 }] }
Received MBP1Msg
Received MBP1Msg: Mbp1Msg { hd: RecordHeader { length: 22, rtype: Mbp1, publisher_id: DbeqBasicIexg, instrument_id: 16773, ts_event: 1734094839640289998 }, price: 2.170000000, size: 200, action: 'T', side: 'N', flags: LAST | TOB (194), depth: 0, ts_recv: 1734094839640564275, ts_in_delta: 47651, sequence: 57421, levels: [BidAskPair { bid_px: 2.170000000, ask_px: 2.190000000, bid_sz: 200, ask_sz: 200, bid_ct: 0, ask_ct: 0 }] }
Received MBP1Msg
Received MBP1Msg: Mbp1Msg { hd: RecordHeader { length: 22, rtype: Mbp1, publisher_id: DbeqBasicIexg, instrument_id: 10009, ts_event: 1734094840192272268 }, price: 1.680000000, size: 50, action: 'T', side: 'N', flags: LAST | TOB (194), depth: 0, ts_recv: 1734094840192502855, ts_in_delta: 41511, sequence: 57425, levels: [BidAskPair { bid_px: 1.670000000, ask_px: 1.680000000, bid_sz: 500, ask_sz: 750, bid_ct: 0, ask_ct: 0 }] }
Received MBP1Msg
Received MBP1Msg: Mbp1Msg { hd: RecordHeader { length: 22, rtype: Mbp1, publisher_id: DbeqBasicIexg, instrument_id: 10009, ts_event: 1734094840551167238 }, price: 1.680000000, size: 10, action: 'T', side: 'N', flags: LAST | TOB (194), depth: 0, ts_recv: 1734094840551329907, ts_in_delta: 51186, sequence: 57430, levels: [BidAskPair { bid_px: 1.670000000, ask_px: 1.680000000, bid_sz: 500, ask_sz: 700, bid_ct: 0, ask_ct: 0 }] }
Received MBP1Msg
Received MBP1Msg: Mbp1Msg { hd: RecordHeader { length: 22, rtype: Mbp1, publisher_id: DbeqBasicIexg, instrument_id: 10009, ts_event: 1734094840752111071 }, price: 1.680000000, size: 60, action: 'T', side: 'N', flags: LAST | TOB (194), depth: 0, ts_recv: 1734094840752246835, ts_in_delta: 33468, sequence: 57433, levels: [BidAskPair { bid_px: 1.670000000, ask_px: 1.680000000, bid_sz: 500, ask_sz: 690, bid_ct: 0, ask_ct: 0 }] }
Received MBP1Msg
Received MBP1Msg: Mbp1Msg { hd: RecordHeader { length: 22, rtype: Mbp1, publisher_id: DbeqBasicIexg, instrument_id: 10009, ts_event: 1734094841225333067 }, price: 1.680000000, size: 250, action: 'T', side: 'N', flags: LAST | TOB (194), depth: 0, ts_recv: 1734094841225511271, ts_in_delta: 38994, sequence: 57446, levels: [BidAskPair { bid_px: 1.670000000, ask_px: 1.680000000, bid_sz: 500, ask_sz: 250, bid_ct: 0, ask_ct: 0 }] }
Received MBP1Msg
Received MBP1Msg: Mbp1Msg { hd: RecordHeader { length: 22, rtype: Mbp1, publisher_id: DbeqBasicIexg, instrument_id: 16773, ts_event: 1734094842144636875 }, price: 2.170000000, size: 200, action: 'T', side: 'N', flags: LAST | TOB (194), depth: 0, ts_recv: 1734094842144885519, ts_in_delta: 40576, sequence: 57455, levels: [BidAskPair { bid_px: 2.170000000, ask_px: 2.190000000, bid_sz: 200, ask_sz: 200, bid_ct: 0, ask_ct: 0 }] }
Received MBP1Msg
Received MBP1Msg: Mbp1Msg { hd: RecordHeader { length: 22, rtype: Mbp1, publisher_id: DbeqBasicIexg, instrument_id: 16773, ts_event: 1734094842251726950 }, price: 2.170000000, size: 26, action: 'T', side: 'N', flags: LAST | TOB (194), depth: 0, ts_recv: 1734094842251919213, ts_in_delta: 37055, sequence: 57458, levels: [BidAskPair { bid_px: 2.160000000, ask_px: 2.190000000, bid_sz: 226, ask_sz: 200, bid_ct: 0, ask_ct: 0 }] }
Received MBP1Msg
Received MBP1Msg: Mbp1Msg { hd: RecordHeader { length: 22, rtype: Mbp1, publisher_id: DbeqBasicIexg, instrument_id: 18614, ts_event: 1734094849123814846 }, price: 1.960000000, size: 100, action: 'T', side: 'N', flags: LAST | TOB (194), depth: 0, ts_recv: 1734094849124142683, ts_in_delta: 53859, sequence: 57519, levels: [BidAskPair { bid_px: 1.930000000, ask_px: 1.960000000, bid_sz: 200, ask_sz: 200, bid_ct: 0, ask_ct: 0 }] }
Received MBP1Msg
Received MBP1Msg: Mbp1Msg { hd: RecordHeader { length: 22, rtype: Mbp1, publisher_id: DbeqBasicIexg, instrument_id: 16773, ts_event: 1734094852108580007 }, price: 2.210000000, size: 100, action: 'T', side: 'N', flags: LAST | TOB (194), depth: 0, ts_recv: 1734094852108871179, ts_in_delta: 49281, sequence: 57548, levels: [BidAskPair { bid_px: 2.210000000, ask_px: 2.230000000, bid_sz: 200, ask_sz: 200, bid_ct: 0, ask_ct: 0 }] }
Received MBP1Msg
Received MBP1Msg: Mbp1Msg { hd: RecordHeader { length: 22, rtype: Mbp1, publisher_id: DbeqBasicIexg, instrument_id: 10009, ts_event: 1734094852952563550 }, price: 1.700000000, size: 143, action: 'T', side: 'N', flags: LAST | TOB (194), depth: 0, ts_recv: 1734094852952904633, ts_in_delta: 45280, sequence: 57551, levels: [BidAskPair { bid_px: 1.680000000, ask_px: 1.700000000, bid_sz: 750, ask_sz: 500, bid_ct: 0, ask_ct: 0 }] }
Received MBP1Msg
Received MBP1Msg: Mbp1Msg { hd: RecordHeader { length: 22, rtype: Mbp1, publisher_id: DbeqBasicIexg, instrument_id: 16773, ts_event: 1734094853197000439 }, price: 2.210000000, size: 100, action: 'T', side: 'N', flags: LAST | TOB (194), depth: 0, ts_recv: 1734094853197295453, ts_in_delta: 46187, sequence: 57555, levels: [BidAskPair { bid_px: 2.210000000, ask_px: 2.230000000, bid_sz: 100, ask_sz: 200, bid_ct: 0, ask_ct: 0 }] }
Received MBP1Msg
Received MBP1Msg: Mbp1Msg { hd: RecordHeader { length: 22, rtype: Mbp1, publisher_id: DbeqBasicIexg, instrument_id: 10009, ts_event: 1734094853417291291 }, price: 1.700000000, size: 30, action: 'T', side: 'N', flags: LAST | TOB (194), depth: 0, ts_recv: 1734094853417486631, ts_in_delta: 44015, sequence: 57557, levels: [BidAskPair { bid_px: 1.680000000, ask_px: 1.700000000, bid_sz: 750, ask_sz: 357, bid_ct: 0, ask_ct: 0 }] }
Received MBP1Msg
Received MBP1Msg: Mbp1Msg { hd: RecordHeader { length: 22, rtype: Mbp1, publisher_id: DbeqBasicIexg, instrument_id: 16773, ts_event: 1734094858827771689 }, price: 2.200000000, size: 200, action: 'T', side: 'N', flags: LAST | TOB (194), depth: 0, ts_recv: 1734094858828077431, ts_in_delta: 61544, sequence: 57796, levels: [BidAskPair { bid_px: 2.200000000, ask_px: 2.210000000, bid_sz: 200, ask_sz: 200, bid_ct: 0, ask_ct: 0 }] }
Received MBP1Msg
Received MBP1Msg: Mbp1Msg { hd: RecordHeader { length: 22, rtype: Mbp1, publisher_id: DbeqBasicIexg, instrument_id: 14808, ts_event: 1734094860519501038 }, price: 37.930000000, size: 100, action: 'T', side: 'N', flags: LAST | TOB (194), depth: 0, ts_recv: 1734094860520006059, ts_in_delta: 61215, sequence: 57843, levels: [BidAskPair { bid_px: UNDEF_PRICE, ask_px: UNDEF_PRICE, bid_sz: 0, ask_sz: 0, bid_ct: 0, ask_ct: 0 }] }
Received MBP1Msg
Received MBP1Msg: Mbp1Msg { hd: RecordHeader { length: 22, rtype: Mbp1, publisher_id: DbeqBasicIexg, instrument_id: 10009, ts_event: 1734094860943041536 }, price: 1.700000000, size: 200, action: 'T', side: 'N', flags: LAST | TOB (194), depth: 0, ts_recv: 1734094860943319627, ts_in_delta: 51108, sequence: 57852, levels: [BidAskPair { bid_px: 1.680000000, ask_px: 1.700000000, bid_sz: 750, ask_sz: 327, bid_ct: 0, ask_ct: 0 }] }
Received MBP1Msg
Received MBP1Msg: Mbp1Msg { hd: RecordHeader { length: 22, rtype: Mbp1, publisher_id: DbeqBasicIexg, instrument_id: 18080, ts_event: 1734094863251587301 }, price: 15.870000000, size: 13, action: 'T', side: 'N', flags: LAST | TOB (194), depth: 0, ts_recv: 1734094863251986775, ts_in_delta: 46447, sequence: 57865, levels: [BidAskPair { bid_px: UNDEF_PRICE, ask_px: UNDEF_PRICE, bid_sz: 0, ask_sz: 0, bid_ct: 0, ask_ct: 0 }] }
Received MBP1Msg
Received MBP1Msg: Mbp1Msg { hd: RecordHeader { length: 22, rtype: Mbp1, publisher_id: DbeqBasicIexg, instrument_id: 16773, ts_event: 1734094863430545757 }, price: 2.190000000, size: 200, action: 'T', side: 'N', flags: LAST | TOB (194), depth: 0, ts_recv: 1734094863430805161, ts_in_delta: 42329, sequence: 57866, levels: [BidAskPair { bid_px: 2.190000000, ask_px: 2.200000000, bid_sz: 200, ask_sz: 200, bid_ct: 0, ask_ct: 0 }] }
Received MBP1Msg
Received MBP1Msg: Mbp1Msg { hd: RecordHeader { length: 22, rtype: Mbp1, publisher_id: DbeqBasicIexg, instrument_id: 18166, ts_event: 1734094867159654026 }, price: 2.010000000, size: 100, action: 'T', side: 'N', flags: LAST | TOB (194), depth: 0, ts_recv: 1734094867160392401, ts_in_delta: 43372, sequence: 57901, levels: [BidAskPair { bid_px: 2.010000000, ask_px: 2.030000000, bid_sz: 100, ask_sz: 100, bid_ct: 0, ask_ct: 0 }] }
Received MBP1Msg
Received MBP1Msg: Mbp1Msg { hd: RecordHeader { length: 22, rtype: Mbp1, publisher_id: DbeqBasicIexg, instrument_id: 16773, ts_event: 1734094868761122711 }, price: 2.210000000, size: 200, action: 'T', side: 'N', flags: LAST | TOB (194), depth: 0, ts_recv: 1734094868761425549, ts_in_delta: 70242, sequence: 57912, levels: [BidAskPair { bid_px: 2.200000000, ask_px: 2.210000000, bid_sz: 200, ask_sz: 200, bid_ct: 0, ask_ct: 0 }] }
Received MBP1Msg
Received MBP1Msg: Mbp1Msg { hd: RecordHeader { length: 22, rtype: Mbp1, publisher_id: DbeqBasicIexg, instrument_id: 16773, ts_event: 1734094868763275033 }, price: 2.200000000, size: 100, action: 'T', side: 'N', flags: LAST | TOB (194), depth: 0, ts_recv: 1734094868763421857, ts_in_delta: 32643, sequence: 57914, levels: [BidAskPair { bid_px: 2.200000000, ask_px: 2.230000000, bid_sz: 200, ask_sz: 200, bid_ct: 0, ask_ct: 0 }] }
Received MBP1Msg
Received MBP1Msg: Mbp1Msg { hd: RecordHeader { length: 22, rtype: Mbp1, publisher_id: DbeqBasicIexg, instrument_id: 18614, ts_event: 1734094869859662369 }, price: 1.960000000, size: 200, action: 'T', side: 'N', flags: LAST | TOB (194), depth: 0, ts_recv: 1734094869859961929, ts_in_delta: 39209, sequence: 57923, levels: [BidAskPair { bid_px: 1.960000000, ask_px: 1.970000000, bid_sz: 200, ask_sz: 200, bid_ct: 0, ask_ct: 0 }] }
Received MBP1Msg
Received MBP1Msg: Mbp1Msg { hd: RecordHeader { length: 22, rtype: Mbp1, publisher_id: DbeqBasicIexg, instrument_id: 16773, ts_event: 1734094871050493035 }, price: 2.200000000, size: 100, action: 'T', side: 'N', flags: LAST | TOB (194), depth: 0, ts_recv: 1734094871050730035, ts_in_delta: 43793, sequence: 57936, levels: [BidAskPair { bid_px: 2.200000000, ask_px: 2.210000000, bid_sz: 100, ask_sz: 200, bid_ct: 0, ask_ct: 0 }] }
Received MBP1Msg
Received MBP1Msg: Mbp1Msg { hd: RecordHeader { length: 22, rtype: Mbp1, publisher_id: DbeqBasicIexg, instrument_id: 16773, ts_event: 1734094871766824801 }, price: 2.200000000, size: 200, action: 'T', side: 'N', flags: LAST | TOB (194), depth: 0, ts_recv: 1734094871767010119, ts_in_delta: 49119, sequence: 57946, levels: [BidAskPair { bid_px: 2.200000000, ask_px: 2.210000000, bid_sz: 200, ask_sz: 200, bid_ct: 0, ask_ct: 0 }] }
