Starting client
Subscribing to DBEQ.BASIC
Subscribed to DBEQ.BASIC
Received MBP1Msg
Received MBP1Msg: Mbp1Msg { hd: RecordHeader { length: 22, rtype: Mbp1, publisher_id: DbeqBasicIexg, instrument_id: 18614, ts_event: 1734094801744190849 }, price: 1.960000000, size: 200, action: 'T', side: 'N', flags: LAST | TOB (194), depth: 0, ts_recv: 1734094801745205429, ts_in_delta: 250647, sequence: 56493, levels: [BidAskPair { bid_px: 1.930000000, ask_px: 1.960000000, bid_sz: 200, ask_sz: 200, bid_ct: 0, ask_ct: 0 }] }
Received MBP1Msg
Received MBP1Msg: Mbp1Msg { hd: RecordHeader { length: 22, rtype: Mbp1, publisher_id: DbeqBasicIexg, instrument_id: 16773, ts_event: 1734094802883984312 }, price: 2.280000000, size: 200, action: 'T', side: 'N', flags: LAST | TOB (194), depth: 0, ts_recv: 1734094802884673057, ts_in_delta: 70953, sequence: 56639, levels: [BidAskPair { bid_px: 2.270000000, ask_px: 2.280000000, bid_sz: 200, ask_sz: 200, bid_ct: 0, ask_ct: 0 }] }
Received MBP1Msg
Received MBP1Msg: Mbp1Msg { hd: RecordHeader { length: 22, rtype: Mbp1, publisher_id: DbeqBasicIexg, instrument_id: 16773, ts_event: 1734094805438326246 }, price: 2.280000000, size: 200, action: 'T', side: 'N', flags: LAST | TOB (194), depth: 0, ts_recv: 1734094805438690955, ts_in_delta: 58808, sequence: 56724, levels: [BidAskPair { bid_px: 2.270000000, ask_px: 2.280000000, bid_sz: 200, ask_sz: 200, bid_ct: 0, ask_ct: 0 }] }
Received MBP1Msg
Received MBP1Msg: Mbp1Msg { hd: RecordHeader { length: 22, rtype: Mbp1, publisher_id: DbeqBasicIexg, instrument_id: 16773, ts_event: 1734094805689563649 }, price: 2.270000000, size: 200, action: 'T', side: 'N', flags: LAST | TOB (194), depth: 0, ts_recv: 1734094805689931133, ts_in_delta: 48549, sequence: 56734, levels: [BidAskPair { bid_px: 2.270000000, ask_px: 2.290000000, bid_sz: 200, ask_sz: 200, bid_ct: 0, ask_ct: 0 }] }
Received MBP1Msg
Received MBP1Msg: Mbp1Msg { hd: RecordHeader { length: 22, rtype: Mbp1, publisher_id: DbeqBasicIexg, instrument_id: 16773, ts_event: 1734094805689563649 }, price: 2.270000000, size: 12, action: 'T', side: 'N', flags: LAST | TOB (194), depth: 0, ts_recv: 1734094805690008971, ts_in_delta: 38439, sequence: 56735, levels: [BidAskPair { bid_px: 2.270000000, ask_px: 2.290000000, bid_sz: 200, ask_sz: 200, bid_ct: 0, ask_ct: 0 }] }
Received MBP1Msg
Received MBP1Msg: Mbp1Msg { hd: RecordHeader { length: 22, rtype: Mbp1, publisher_id: DbeqBasicIexg, instrument_id: 16773, ts_event: 1734094812469265886 }, price: 2.230000000, size: 200, action: 'T', side: 'N', flags: LAST | TOB (194), depth: 0, ts_recv: 1734094812469620975, ts_in_delta: 64192, sequence: 56907, levels: [BidAskPair { bid_px: 2.210000000, ask_px: 2.230000000, bid_sz: 200, ask_sz: 200, bid_ct: 0, ask_ct: 0 }] }
Received MBP1Msg
Received MBP1Msg: Mbp1Msg { hd: RecordHeader { length: 22, rtype: Mbp1, publisher_id: DbeqBasicIexg, instrument_id: 18614, ts_event: 1734094814212780517 }, price: 1.960000000, size: 10, action: 'T', side: 'N', flags: LAST | TOB (194), depth: 0, ts_recv: 1734094814213185455, ts_in_delta: 50805, sequence: 56933, levels: [BidAskPair { bid_px: 1.960000000, ask_px: 1.970000000, bid_sz: 200, ask_sz: 200, bid_ct: 0, ask_ct: 0 }] }
Received MBP1Msg
Received MBP1Msg: Mbp1Msg { hd: RecordHeader { length: 22, rtype: Mbp1, publisher_id: DbeqBasicIexg, instrument_id: 1429, ts_event: 1734094819069638935 }, price: 213.210000000, size: 50, action: 'T', side: 'N', flags: LAST | TOB (194), depth: 0, ts_recv: 1734094819070675741, ts_in_delta: 57499, sequence: 57017, levels: [BidAskPair { bid_px: UNDEF_PRICE, ask_px: UNDEF_PRICE, bid_sz: 0, ask_sz: 0, bid_ct: 0, ask_ct: 0 }] }
Received MBP1Msg
Received MBP1Msg: Mbp1Msg { hd: RecordHeader { length: 22, rtype: Mbp1, publisher_id: DbeqBasicIexg, instrument_id: 10009, ts_event: 1734094824375272818 }, price: 1.670000000, size: 200, action: 'T', side: 'N', flags: LAST | TOB (194), depth: 0, ts_recv: 1734094824376020075, ts_in_delta: 59893, sequence: 57115, levels: [BidAskPair { bid_px: 1.650000000, ask_px: 1.670000000, bid_sz: 750, ask_sz: 500, bid_ct: 0, ask_ct: 0 }] }
Received MBP1Msg
Received MBP1Msg: Mbp1Msg { hd: RecordHeader { length: 22, rtype: Mbp1, publisher_id: DbeqBasicIexg, instrument_id: 18614, ts_event: 1734094827561022828 }, price: 1.960000000, size: 200, action: 'T', side: 'N', flags: LAST | TOB (194), depth: 0, ts_recv: 1734094827561382097, ts_in_delta: 64266, sequence: 57201, levels: [BidAskPair { bid_px: 1.960000000, ask_px: 1.970000000, bid_sz: 200, ask_sz: 200, bid_ct: 0, ask_ct: 0 }] }
Received MBP1Msg
Received MBP1Msg: Mbp1Msg { hd: RecordHeader { length: 22, rtype: Mbp1, publisher_id: DbeqBasicIexg, instrument_id: 16773, ts_event: 1734094836033493440 }, price: 2.200000000, size: 200, action: 'T', side: 'N', flags: LAST | TOB (194), depth: 0, ts_recv: 1734094836033808445, ts_in_delta: 62622, sequence: 57359, levels: [BidAskPair { bid_px: 2.200000000, ask_px: 2.210000000, bid_sz: 200, ask_sz: 200, bid_ct: 0, ask_ct: 0 }] }
Received MBP1Msg
Received MBP1Msg: Mbp1Msg { hd: RecordHeader { length: 22, rtype: Mbp1, publisher_id: DbeqBasicIexg, instrument_id: 18614, ts_event: 1734094836279768630 }, price: 1.930000000, size: 200, action: 'T', side: 'N', flags: LAST | TOB (194), depth: 0, ts_recv: 1734094836280151851, ts_in_delta: 44485, sequence: 57365, levels: [BidAskPair { bid_px: 1.930000000, ask_px: 1.960000000, bid_sz: 200, ask_sz: 200, bid_ct: 0, ask_ct: 0 }] }
Received MBP1Msg
Received MBP1Msg: Mbp1Msg { hd: RecordHeader { length: 22, rtype: Mbp1, publisher_id: DbeqBasicIexg, instrument_id: 16773, ts_event: 1734094836442054001 }, price: 2.190000000, size: 200, action: 'T', side: 'N', flags: LAST | TOB (194), depth: 0, ts_recv: 1734094836442280167, ts_in_delta: 39335, sequence: 57370, levels: [BidAskPair { bid_px: 2.170000000, ask_px: 2.190000000, bid_sz: 200, ask_sz: 200, bid_ct: 0, ask_ct: 0 }] }
Received MBP1Msg
Received MBP1Msg: Mbp1Msg { hd: RecordHeader { length: 22, rtype: Mbp1, publisher_id: DbeqBasicIexg, instrument_id: 10009, ts_event: 1734094839357971153 }, price: 1.680000000, size: 250, action: 'T', side: 'N', flags: LAST | TOB (194), depth: 0, ts_recv: 1734094839358351591, ts_in_delta: 45251, sequence: 57408, levels: [BidAskPair { bid_px: 1.680000000, ask_px: 1.700000000, bid_sz: 250, ask_sz: 500, bid_ct: 0, ask_ct: 0 }] }
Received MBP1Msg
Received MBP1Msg: Mbp1Msg { hd: RecordHeader { length: 22, rtype: Mbp1, publisher_id: DbeqBasicIexg, instrument_id: 16773, ts_event: 1734094839640289998 }, price: 2.170000000, size: 200, action: 'T', side: 'N', flags: LAST | TOB (194), depth: 0, ts_recv: 1734094839640564275, ts_in_delta: 47651, sequence: 57421, levels: [BidAskPair { bid_px: 2.170000000, ask_px: 2.190000000, bid_sz: 200, ask_sz: 200, bid_ct: 0, ask_ct: 0 }] }
Received MBP1Msg
Received MBP1Msg: Mbp1Msg { hd: RecordHeader { length: 22, rtype: Mbp1, publisher_id: DbeqBasicIexg, instrument_id: 10009, ts_event: 1734094840192272268 }, price: 1.680000000, size: 50, action: 'T', side: 'N', flags: LAST | TOB (194), depth: 0, ts_recv: 1734094840192502855, ts_in_delta: 41511, sequence: 57425, levels: [BidAskPair { bid_px: 1.670000000, ask_px: 1.680000000, bid_sz: 500, ask_sz: 750, bid_ct: 0, ask_ct: 0 }] }
Received MBP1Msg
Received MBP1Msg: Mbp1Msg { hd: RecordHeader { length: 22, rtype: Mbp1, publisher_id: DbeqBasicIexg, instrument_id: 10009, ts_event: 1734094840551167238 }, price: 1.680000000, size: 10, action: 'T', side: 'N', flags: LAST | TOB (194), depth: 0, ts_recv: 1734094840551329907, ts_in_delta: 51186, sequence: 57430, levels: [BidAskPair { bid_px: 1.670000000, ask_px: 1.680000000, bid_sz: 500, ask_sz: 700, bid_ct: 0, ask_ct: 0 }] }
Received MBP1Msg
Received MBP1Msg: Mbp1Msg { hd: RecordHeader { length: 22, rtype: Mbp1, publisher_id: DbeqBasicIexg, instrument_id: 10009, ts_event: 1734094840752111071 }, price: 1.680000000, size: 60, action: 'T', side: 'N', flags: LAST | TOB (194), depth: 0, ts_recv: 1734094840752246835, ts_in_delta: 33468, sequence: 57433, levels: [BidAskPair { bid_px: 1.670000000, ask_px: 1.680000000, bid_sz: 500, ask_sz: 690, bid_ct: 0, ask_ct: 0 }] }
Received MBP1Msg
Received MBP1Msg: Mbp1Msg { hd: RecordHeader { length: 22, rtype: Mbp1, publisher_id: DbeqBasicIexg, instrument_id: 10009, ts_event: 1734094841225333067 }, price: 1.680000000, size: 250, action: 'T', side: 'N', flags: LAST | TOB (194), depth: 0, ts_recv: 1734094841225511271, ts_in_delta: 38994, sequence: 57446, levels: [BidAskPair { bid_px: 1.670000000, ask_px: 1.680000000, bid_sz: 500, ask_sz: 250, bid_ct: 0, ask_ct: 0 }] }
Received MBP1Msg
Received MBP1Msg: Mbp1Msg { hd: RecordHeader { length: 22, rtype: Mbp1, publisher_id: DbeqBasicIexg, instrument_id: 16773, ts_event: 1734094842144636875 }, price: 2.170000000, size: 200, action: 'T', side: 'N', flags: LAST | TOB (194), depth: 0, ts_recv: 1734094842144885519, ts_in_delta: 40576, sequence: 57455, levels: [BidAskPair { bid_px: 2.170000000, ask_px: 2.190000000, bid_sz: 200, ask_sz: 200, bid_ct: 0, ask_ct: 0 }] }
Received MBP1Msg
Received MBP1Msg: Mbp1Msg { hd: RecordHeader { length: 22, rtype: Mbp1, publisher_id: DbeqBasicIexg, instrument_id: 16773, ts_event: 1734094842251726950 }, price: 2.170000000, size: 26, action: 'T', side: 'N', flags: LAST | TOB (194), depth: 0, ts_recv: 1734094842251919213, ts_in_delta: 37055, sequence: 57458, levels: [BidAskPair { bid_px: 2.160000000, ask_px: 2.190000000, bid_sz: 226, ask_sz: 200, bid_ct: 0, ask_ct: 0 }] }
Received MBP1Msg
Received MBP1Msg: Mbp1Msg { hd: RecordHeader { length: 22, rtype: Mbp1, publisher_id: DbeqBasicIexg, instrument_id: 18614, ts_event: 1734094849123814846 }, price: 1.960000000, size: 100, action: 'T', side: 'N', flags: LAST | TOB (194), depth: 0, ts_recv: 1734094849124142683, ts_in_delta: 53859, sequence: 57519, levels: [BidAskPair { bid_px: 1.930000000, ask_px: 1.960000000, bid_sz: 200, ask_sz: 200, bid_ct: 0, ask_ct: 0 }] }
Received MBP1Msg
Received MBP1Msg: Mbp1Msg { hd: RecordHeader { length: 22, rtype: Mbp1, publisher_id: DbeqBasicIexg, instrument_id: 16773, ts_event: 1734094852108580007 }, price: 2.210000000, size: 100, action: 'T', side: 'N', flags: LAST | TOB (194), depth: 0, ts_recv: 1734094852108871179, ts_in_delta: 49281, sequence: 57548, levels: [BidAskPair { bid_px: 2.210000000, ask_px: 2.230000000, bid_sz: 200, ask_sz: 200, bid_ct: 0, ask_ct: 0 }] }
Received MBP1Msg
Received MBP1Msg: Mbp1Msg { hd: RecordHeader { length: 22, rtype: Mbp1, publisher_id: DbeqBasicIexg, instrument_id: 10009, ts_event: 1734094852952563550 }, price: 1.700000000, size: 143, action: 'T', side: 'N', flags: LAST | TOB (194), depth: 0, ts_recv: 1734094852952904633, ts_in_delta: 45280, sequence: 57551, levels: [BidAskPair { bid_px: 1.680000000, ask_px: 1.700000000, bid_sz: 750, ask_sz: 500, bid_ct: 0, ask_ct: 0 }] }
Received MBP1Msg
Received MBP1Msg: Mbp1Msg { hd: RecordHeader { length: 22, rtype: Mbp1, publisher_id: DbeqBasicIexg, instrument_id: 16773, ts_event: 1734094853197000439 }, price: 2.210000000, size: 100, action: 'T', side: 'N', flags: LAST | TOB (194), depth: 0, ts_recv: 1734094853197295453, ts_in_delta: 46187, sequence: 57555, levels: [BidAskPair { bid_px: 2.210000000, ask_px: 2.230000000, bid_sz: 100, ask_sz: 200, bid_ct: 0, ask_ct: 0 }] }
Received MBP1Msg
Received MBP1Msg: Mbp1Msg { hd: RecordHeader { length: 22, rtype: Mbp1, publisher_id: DbeqBasicIexg, instrument_id: 10009, ts_event: 1734094853417291291 }, price: 1.700000000, size: 30, action: 'T', side: 'N', flags: LAST | TOB (194), depth: 0, ts_recv: 1734094853417486631, ts_in_delta: 44015, sequence: 57557, levels: [BidAskPair { bid_px: 1.680000000, ask_px: 1.700000000, bid_sz: 750, ask_sz: 357, bid_ct: 0, ask_ct: 0 }] }
Received MBP1Msg
Received MBP1Msg: Mbp1Msg { hd: RecordHeader { length: 22, rtype: Mbp1, publisher_id: DbeqBasicIexg, instrument_id: 16773, ts_event: 1734094858827771689 }, price: 2.200000000, size: 200, action: 'T', side: 'N', flags: LAST | TOB (194), depth: 0, ts_recv: 1734094858828077431, ts_in_delta: 61544, sequence: 57796, levels: [BidAskPair { bid_px: 2.200000000, ask_px: 2.210000000, bid_sz: 200, ask_sz: 200, bid_ct: 0, ask_ct: 0 }] }
Received MBP1Msg
Received MBP1Msg: Mbp1Msg { hd: RecordHeader { length: 22, rtype: Mbp1, publisher_id: DbeqBasicIexg, instrument_id: 14808, ts_event: 1734094860519501038 }, price: 37.930000000, size: 100, action: 'T', side: 'N', flags: LAST | TOB (194), depth: 0, ts_recv: 1734094860520006059, ts_in_delta: 61215, sequence: 57843, levels: [BidAskPair { bid_px: UNDEF_PRICE, ask_px: UNDEF_PRICE, bid_sz: 0, ask_sz: 0, bid_ct: 0, ask_ct: 0 }] }
Received MBP1Msg
Received MBP1Msg: Mbp1Msg { hd: RecordHeader { length: 22, rtype: Mbp1, publisher_id: DbeqBasicIexg, instrument_id: 10009, ts_event: 1734094860943041536 }, price: 1.700000000, size: 200, action: 'T', side: 'N', flags: LAST | TOB (194), depth: 0, ts_recv: 1734094860943319627, ts_in_delta: 51108, sequence: 57852, levels: [BidAskPair { bid_px: 1.680000000, ask_px: 1.700000000, bid_sz: 750, ask_sz: 327, bid_ct: 0, ask_ct: 0 }] }
Received MBP1Msg
Received MBP1Msg: Mbp1Msg { hd: RecordHeader { length: 22, rtype: Mbp1, publisher_id: DbeqBasicIexg, instrument_id: 18080, ts_event: 1734094863251587301 }, price: 15.870000000, size: 13, action: 'T', side: 'N', flags: LAST | TOB (194), depth: 0, ts_recv: 1734094863251986775, ts_in_delta: 46447, sequence: 57865, levels: [BidAskPair { bid_px: UNDEF_PRICE, ask_px: UNDEF_PRICE, bid_sz: 0, ask_sz: 0, bid_ct: 0, ask_ct: 0 }] }
Received MBP1Msg
Received MBP1Msg: Mbp1Msg { hd: RecordHeader { length: 22, rtype: Mbp1, publisher_id: DbeqBasicIexg, instrument_id: 16773, ts_event: 1734094863430545757 }, price: 2.190000000, size: 200, action: 'T', side: 'N', flags: LAST | TOB (194), depth: 0, ts_recv: 1734094863430805161, ts_in_delta: 42329, sequence: 57866, levels: [BidAskPair { bid_px: 2.190000000, ask_px: 2.200000000, bid_sz: 200, ask_sz: 200, bid_ct: 0, ask_ct: 0 }] }
Received MBP1Msg
Received MBP1Msg: Mbp1Msg { hd: RecordHeader { length: 22, rtype: Mbp1, publisher_id: DbeqBasicIexg, instrument_id: 18166, ts_event: 1734094867159654026 }, price: 2.010000000, size: 100, action: 'T', side: 'N', flags: LAST | TOB (194), depth: 0, ts_recv: 1734094867160392401, ts_in_delta: 43372, sequence: 57901, levels: [BidAskPair { bid_px: 2.010000000, ask_px: 2.030000000, bid_sz: 100, ask_sz: 100, bid_ct: 0, ask_ct: 0 }] }
Received MBP1Msg
Received MBP1Msg: Mbp1Msg { hd: RecordHeader { length: 22, rtype: Mbp1, publisher_id: DbeqBasicIexg, instrument_id: 16773, ts_event: 1734094868761122711 }, price: 2.210000000, size: 200, action: 'T', side: 'N', flags: LAST | TOB (194), depth: 0, ts_recv: 1734094868761425549, ts_in_delta: 70242, sequence: 57912, levels: [BidAskPair { bid_px: 2.200000000, ask_px: 2.210000000, bid_sz: 200, ask_sz: 200, bid_ct: 0, ask_ct: 0 }] }
Received MBP1Msg
Received MBP1Msg: Mbp1Msg { hd: RecordHeader { length: 22, rtype: Mbp1, publisher_id: DbeqBasicIexg, instrument_id: 16773, ts_event: 1734094868763275033 }, price: 2.200000000, size: 100, action: 'T', side: 'N', flags: LAST | TOB (194), depth: 0, ts_recv: 1734094868763421857, ts_in_delta: 32643, sequence: 57914, levels: [BidAskPair { bid_px: 2.200000000, ask_px: 2.230000000, bid_sz: 200, ask_sz: 200, bid_ct: 0, ask_ct: 0 }] }
Received MBP1Msg
Received MBP1Msg: Mbp1Msg { hd: RecordHeader { length: 22, rtype: Mbp1, publisher_id: DbeqBasicIexg, instrument_id: 18614, ts_event: 1734094869859662369 }, price: 1.960000000, size: 200, action: 'T', side: 'N', flags: LAST | TOB (194), depth: 0, ts_recv: 1734094869859961929, ts_in_delta: 39209, sequence: 57923, levels: [BidAskPair { bid_px: 1.960000000, ask_px: 1.970000000, bid_sz: 200, ask_sz: 200, bid_ct: 0, ask_ct: 0 }] }
Received MBP1Msg
Received MBP1Msg: Mbp1Msg { hd: RecordHeader { length: 22, rtype: Mbp1, publisher_id: DbeqBasicIexg, instrument_id: 16773, ts_event: 1734094871050493035 }, price: 2.200000000, size: 100, action: 'T', side: 'N', flags: LAST | TOB (194), depth: 0, ts_recv: 1734094871050730035, ts_in_delta: 43793, sequence: 57936, levels: [BidAskPair { bid_px: 2.200000000, ask_px: 2.210000000, bid_sz: 100, ask_sz: 200, bid_ct: 0, ask_ct: 0 }] }
Received MBP1Msg
Received MBP1Msg: Mbp1Msg { hd: RecordHeader { length: 22, rtype: Mbp1, publisher_id: DbeqBasicIexg, instrument_id: 16773, ts_event: 1734094871766824801 }, price: 2.200000000, size: 200, action: 'T', side: 'N', flags: LAST | TOB (194), depth: 0, ts_recv: 1734094871767010119, ts_in_delta: 49119, sequence: 57946, levels: [BidAskPair { bid_px: 2.200000000, ask_px: 2.210000000, bid_sz: 200, ask_sz: 200, bid_ct: 0, ask_ct: 0 }] }
Received MBP1Msg
Received MBP1Msg: Mbp1Msg { hd: RecordHeader { length: 22, rtype: Mbp1, publisher_id: DbeqBasicIexg, instrument_id: 16773, ts_event: 1734094874998668646 }, price: 2.200000000, size: 25, action: 'T', side: 'N', flags: LAST | TOB (194), depth: 0, ts_recv: 1734094874998903331, ts_in_delta: 43148, sequence: 57959, levels: [BidAskPair { bid_px: 2.190000000, ask_px: 2.200000000, bid_sz: 200, ask_sz: 200, bid_ct: 0, ask_ct: 0 }] }
Received MBP1Msg
Received MBP1Msg: Mbp1Msg { hd: RecordHeader { length: 22, rtype: Mbp1, publisher_id: DbeqBasicIexg, instrument_id: 18614, ts_event: 1734094875455488647 }, price: 1.960000000, size: 151, action: 'T', side: 'N', flags: LAST | TOB (194), depth: 0, ts_recv: 1734094875455825589, ts_in_delta: 42039, sequence: 57965, levels: [BidAskPair { bid_px: 1.930000000, ask_px: 1.960000000, bid_sz: 200, ask_sz: 200, bid_ct: 0, ask_ct: 0 }] }
Received MBP1Msg
Received MBP1Msg: Mbp1Msg { hd: RecordHeader { length: 22, rtype: Mbp1, publisher_id: DbeqBasicIexg, instrument_id: 18614, ts_event: 1734094875557043150 }, price: 1.960000000, size: 20, action: 'T', side: 'N', flags: LAST | TOB (194), depth: 0, ts_recv: 1734094875557205303, ts_in_delta: 41053, sequence: 57967, levels: [BidAskPair { bid_px: 1.930000000, ask_px: 1.970000000, bid_sz: 200, ask_sz: 249, bid_ct: 0, ask_ct: 0 }] }
Received MBP1Msg
Received MBP1Msg: Mbp1Msg { hd: RecordHeader { length: 22, rtype: Mbp1, publisher_id: DbeqBasicIexg, instrument_id: 18614, ts_event: 1734094876980940739 }, price: 1.960000000, size: 29, action: 'T', side: 'N', flags: LAST | TOB (194), depth: 0, ts_recv: 1734094876981148675, ts_in_delta: 42264, sequence: 57973, levels: [BidAskPair { bid_px: 1.930000000, ask_px: 1.970000000, bid_sz: 200, ask_sz: 229, bid_ct: 0, ask_ct: 0 }] }
Received MBP1Msg
Received MBP1Msg: Mbp1Msg { hd: RecordHeader { length: 22, rtype: Mbp1, publisher_id: DbeqBasicIexg, instrument_id: 18614, ts_event: 1734094877678211402 }, price: 1.960000000, size: 200, action: 'T', side: 'N', flags: LAST | TOB (194), depth: 0, ts_recv: 1734094877678390209, ts_in_delta: 38118, sequence: 57976, levels: [BidAskPair { bid_px: 1.930000000, ask_px: 1.960000000, bid_sz: 200, ask_sz: 200, bid_ct: 0, ask_ct: 0 }] }
Received MBP1Msg
Received MBP1Msg: Mbp1Msg { hd: RecordHeader { length: 22, rtype: Mbp1, publisher_id: DbeqBasicIexg, instrument_id: 18614, ts_event: 1734094878669253196 }, price: 1.960000000, size: 104, action: 'T', side: 'N', flags: LAST | TOB (194), depth: 0, ts_recv: 1734094878669442595, ts_in_delta: 41107, sequence: 57981, levels: [BidAskPair { bid_px: 1.930000000, ask_px: 1.960000000, bid_sz: 200, ask_sz: 200, bid_ct: 0, ask_ct: 0 }] }
Received MBP1Msg
Received MBP1Msg: Mbp1Msg { hd: RecordHeader { length: 22, rtype: Mbp1, publisher_id: DbeqBasicIexg, instrument_id: 18614, ts_event: 1734094879116810557 }, price: 1.960000000, size: 96, action: 'T', side: 'N', flags: LAST | TOB (194), depth: 0, ts_recv: 1734094879117050569, ts_in_delta: 41515, sequence: 57983, levels: [BidAskPair { bid_px: 1.930000000, ask_px: 1.970000000, bid_sz: 200, ask_sz: 296, bid_ct: 0, ask_ct: 0 }] }
Received MBP1Msg
Received MBP1Msg: Mbp1Msg { hd: RecordHeader { length: 22, rtype: Mbp1, publisher_id: DbeqBasicIexg, instrument_id: 16773, ts_event: 1734094880492350205 }, price: 2.200000000, size: 40, action: 'T', side: 'N', flags: LAST | TOB (194), depth: 0, ts_recv: 1734094880492618551, ts_in_delta: 50888, sequence: 58001, levels: [BidAskPair { bid_px: 2.190000000, ask_px: 2.200000000, bid_sz: 200, ask_sz: 175, bid_ct: 0, ask_ct: 0 }] }
Received MBP1Msg
Received MBP1Msg: Mbp1Msg { hd: RecordHeader { length: 22, rtype: Mbp1, publisher_id: DbeqBasicIexg, instrument_id: 16773, ts_event: 1734094880560367796 }, price: 2.190000000, size: 200, action: 'T', side: 'N', flags: LAST | TOB (194), depth: 0, ts_recv: 1734094880560544939, ts_in_delta: 40591, sequence: 58003, levels: [BidAskPair { bid_px: 2.190000000, ask_px: 2.200000000, bid_sz: 200, ask_sz: 135, bid_ct: 0, ask_ct: 0 }] }
Received MBP1Msg
Received MBP1Msg: Mbp1Msg { hd: RecordHeader { length: 22, rtype: Mbp1, publisher_id: DbeqBasicIexg, instrument_id: 16773, ts_event: 1734094880562393406 }, price: 2.190000000, size: 200, action: 'T', side: 'N', flags: LAST | TOB (194), depth: 0, ts_recv: 1734094880562534951, ts_in_delta: 31771, sequence: 58006, levels: [BidAskPair { bid_px: 2.170000000, ask_px: 2.190000000, bid_sz: 200, ask_sz: 200, bid_ct: 0, ask_ct: 0 }] }
Received MBP1Msg
Received MBP1Msg: Mbp1Msg { hd: RecordHeader { length: 22, rtype: Mbp1, publisher_id: DbeqBasicIexg, instrument_id: 16773, ts_event: 1734094880873254193 }, price: 2.200000000, size: 116, action: 'T', side: 'N', flags: LAST | TOB (194), depth: 0, ts_recv: 1734094880873435409, ts_in_delta: 41639, sequence: 58009, levels: [BidAskPair { bid_px: 2.170000000, ask_px: 2.200000000, bid_sz: 200, ask_sz: 135, bid_ct: 0, ask_ct: 0 }] }
Received MBP1Msg
Received MBP1Msg: Mbp1Msg { hd: RecordHeader { length: 22, rtype: Mbp1, publisher_id: DbeqBasicIexg, instrument_id: 18614, ts_event: 1734094881631056263 }, price: 1.970000000, size: 163, action: 'T', side: 'N', flags: LAST | TOB (194), depth: 0, ts_recv: 1734094881631291815, ts_in_delta: 37783, sequence: 58012, levels: [BidAskPair { bid_px: 1.960000000, ask_px: 1.970000000, bid_sz: 200, ask_sz: 200, bid_ct: 0, ask_ct: 0 }] }
Received MBP1Msg
Received MBP1Msg: Mbp1Msg { hd: RecordHeader { length: 22, rtype: Mbp1, publisher_id: DbeqBasicIexg, instrument_id: 18614, ts_event: 1734094885093305782 }, price: 1.970000000, size: 200, action: 'T', side: 'N', flags: TOB (64), depth: 0, ts_recv: 1734094885093571171, ts_in_delta: 52793, sequence: 58030, levels: [BidAskPair { bid_px: 1.960000000, ask_px: 1.970000000, bid_sz: 200, ask_sz: 200, bid_ct: 0, ask_ct: 0 }] }
Received MBP1Msg
Received MBP1Msg: Mbp1Msg { hd: RecordHeader { length: 22, rtype: Mbp1, publisher_id: DbeqBasicIexg, instrument_id: 18614, ts_event: 1734094886670670213 }, price: 1.960000000, size: 200, action: 'T', side: 'N', flags: LAST | TOB (194), depth: 0, ts_recv: 1734094886670917969, ts_in_delta: 46322, sequence: 58057, levels: [BidAskPair { bid_px: 1.960000000, ask_px: 1.970000000, bid_sz: 200, ask_sz: 200, bid_ct: 0, ask_ct: 0 }] }
Received MBP1Msg
Received MBP1Msg: Mbp1Msg { hd: RecordHeader { length: 22, rtype: Mbp1, publisher_id: DbeqBasicIexg, instrument_id: 18747, ts_event: 1734094889743624647 }, price: 0.658500000, size: 200, action: 'T', side: 'N', flags: LAST | TOB (194), depth: 0, ts_recv: 1734094889744049767, ts_in_delta: 45699, sequence: 58093, levels: [BidAskPair { bid_px: UNDEF_PRICE, ask_px: UNDEF_PRICE, bid_sz: 0, ask_sz: 0, bid_ct: 0, ask_ct: 0 }] }
Received MBP1Msg
Received MBP1Msg: Mbp1Msg { hd: RecordHeader { length: 22, rtype: Mbp1, publisher_id: DbeqBasicIexg, instrument_id: 16773, ts_event: 1734094891093273227 }, price: 2.170000000, size: 188, action: 'T', side: 'N', flags: LAST | TOB (194), depth: 0, ts_recv: 1734094891093522641, ts_in_delta: 49749, sequence: 58121, levels: [BidAskPair { bid_px: 2.170000000, ask_px: 2.190000000, bid_sz: 200, ask_sz: 200, bid_ct: 0, ask_ct: 0 }] }
Received MBP1Msg
Received MBP1Msg: Mbp1Msg { hd: RecordHeader { length: 22, rtype: Mbp1, publisher_id: DbeqBasicIexg, instrument_id: 10009, ts_event: 1734094891520148875 }, price: 1.680000000, size: 159, action: 'T', side: 'N', flags: LAST | TOB (194), depth: 0, ts_recv: 1734094891520430097, ts_in_delta: 39430, sequence: 58127, levels: [BidAskPair { bid_px: 1.680000000, ask_px: 1.700000000, bid_sz: 250, ask_sz: 500, bid_ct: 0, ask_ct: 0 }] }
Received MBP1Msg
Received MBP1Msg: Mbp1Msg { hd: RecordHeader { length: 22, rtype: Mbp1, publisher_id: DbeqBasicIexg, instrument_id: 16773, ts_event: 1734094894344732447 }, price: 2.170000000, size: 100, action: 'T', side: 'N', flags: LAST | TOB (194), depth: 0, ts_recv: 1734094894345016165, ts_in_delta: 43541, sequence: 58193, levels: [BidAskPair { bid_px: 2.170000000, ask_px: 2.190000000, bid_sz: 200, ask_sz: 200, bid_ct: 0, ask_ct: 0 }] }
Received MBP1Msg
Received MBP1Msg: Mbp1Msg { hd: RecordHeader { length: 22, rtype: Mbp1, publisher_id: DbeqBasicIexg, instrument_id: 16773, ts_event: 1734094895850120023 }, price: 2.160000000, size: 200, action: 'T', side: 'N', flags: LAST | TOB (194), depth: 0, ts_recv: 1734094895850299645, ts_in_delta: 41086, sequence: 58220, levels: [BidAskPair { bid_px: 2.160000000, ask_px: 2.170000000, bid_sz: 200, ask_sz: 200, bid_ct: 0, ask_ct: 0 }] }
Received MBP1Msg
Received MBP1Msg: Mbp1Msg { hd: RecordHeader { length: 22, rtype: Mbp1, publisher_id: DbeqBasicIexg, instrument_id: 16773, ts_event: 1734094900292159638 }, price: 2.150000000, size: 9, action: 'T', side: 'N', flags: LAST | TOB (194), depth: 0, ts_recv: 1734094900292411897, ts_in_delta: 47751, sequence: 58258, levels: [BidAskPair { bid_px: 2.130000000, ask_px: 2.150000000, bid_sz: 200, ask_sz: 200, bid_ct: 0, ask_ct: 0 }] }
Received MBP1Msg
Received MBP1Msg: Mbp1Msg { hd: RecordHeader { length: 22, rtype: Mbp1, publisher_id: DbeqBasicIexg, instrument_id: 16773, ts_event: 1734094900332188579 }, price: 2.150000000, size: 8, action: 'T', side: 'N', flags: LAST | TOB (194), depth: 0, ts_recv: 1734094900332366985, ts_in_delta: 33244, sequence: 58260, levels: [BidAskPair { bid_px: 2.130000000, ask_px: 2.150000000, bid_sz: 200, ask_sz: 191, bid_ct: 0, ask_ct: 0 }] }
Received MBP1Msg
Received MBP1Msg: Mbp1Msg { hd: RecordHeader { length: 22, rtype: Mbp1, publisher_id: DbeqBasicIexg, instrument_id: 10009, ts_event: 1734094901316697369 }, price: 1.680000000, size: 91, action: 'T', side: 'N', flags: LAST | TOB (194), depth: 0, ts_recv: 1734094901316979619, ts_in_delta: 52979, sequence: 58281, levels: [BidAskPair { bid_px: 1.670000000, ask_px: 1.700000000, bid_sz: 591, ask_sz: 500, bid_ct: 0, ask_ct: 0 }] }
Received MBP1Msg
Received MBP1Msg: Mbp1Msg { hd: RecordHeader { length: 22, rtype: Mbp1, publisher_id: DbeqBasicIexg, instrument_id: 10009, ts_event: 1734094903955761485 }, price: 1.680000000, size: 60, action: 'T', side: 'N', flags: LAST | TOB (194), depth: 0, ts_recv: 1734094903955958469, ts_in_delta: 41969, sequence: 58296, levels: [BidAskPair { bid_px: 1.680000000, ask_px: 1.700000000, bid_sz: 750, ask_sz: 500, bid_ct: 0, ask_ct: 0 }] }
Received MBP1Msg
Received MBP1Msg: Mbp1Msg { hd: RecordHeader { length: 22, rtype: Mbp1, publisher_id: DbeqBasicIexg, instrument_id: 16773, ts_event: 1734094905521237905 }, price: 2.150000000, size: 183, action: 'T', side: 'N', flags: LAST | TOB (194), depth: 0, ts_recv: 1734094905521500229, ts_in_delta: 46966, sequence: 58303, levels: [BidAskPair { bid_px: 2.130000000, ask_px: 2.150000000, bid_sz: 200, ask_sz: 183, bid_ct: 0, ask_ct: 0 }] }
Received MBP1Msg
Received MBP1Msg: Mbp1Msg { hd: RecordHeader { length: 22, rtype: Mbp1, publisher_id: DbeqBasicIexg, instrument_id: 16773, ts_event: 1734094906096111444 }, price: 2.150000000, size: 200, action: 'T', side: 'N', flags: LAST | TOB (194), depth: 0, ts_recv: 1734094906096285199, ts_in_delta: 38763, sequence: 58307, levels: [BidAskPair { bid_px: 2.150000000, ask_px: 2.160000000, bid_sz: 200, ask_sz: 200, bid_ct: 0, ask_ct: 0 }] }
Received MBP1Msg
Received MBP1Msg: Mbp1Msg { hd: RecordHeader { length: 22, rtype: Mbp1, publisher_id: DbeqBasicIexg, instrument_id: 18614, ts_event: 1734094906524974527 }, price: 1.920000000, size: 200, action: 'T', side: 'N', flags: LAST | TOB (194), depth: 0, ts_recv: 1734094906525231997, ts_in_delta: 41905, sequence: 58310, levels: [BidAskPair { bid_px: 1.890000000, ask_px: 1.920000000, bid_sz: 200, ask_sz: 200, bid_ct: 0, ask_ct: 0 }] }
Received MBP1Msg
Received MBP1Msg: Mbp1Msg { hd: RecordHeader { length: 22, rtype: Mbp1, publisher_id: DbeqBasicIexg, instrument_id: 16773, ts_event: 1734094907447654846 }, price: 2.170000000, size: 100, action: 'T', side: 'N', flags: LAST | TOB (194), depth: 0, ts_recv: 1734094907447890449, ts_in_delta: 46042, sequence: 58328, levels: [BidAskPair { bid_px: 2.170000000, ask_px: 2.190000000, bid_sz: 200, ask_sz: 200, bid_ct: 0, ask_ct: 0 }] }
Received MBP1Msg
Received MBP1Msg: Mbp1Msg { hd: RecordHeader { length: 22, rtype: Mbp1, publisher_id: DbeqBasicIexg, instrument_id: 18614, ts_event: 1734094909511492377 }, price: 1.920000000, size: 200, action: 'T', side: 'N', flags: LAST | TOB (194), depth: 0, ts_recv: 1734094909511772861, ts_in_delta: 59296, sequence: 58339, levels: [BidAskPair { bid_px: 1.890000000, ask_px: 1.920000000, bid_sz: 200, ask_sz: 200, bid_ct: 0, ask_ct: 0 }] }
Received MBP1Msg
Received MBP1Msg: Mbp1Msg { hd: RecordHeader { length: 22, rtype: Mbp1, publisher_id: DbeqBasicIexg, instrument_id: 16773, ts_event: 1734094909518641875 }, price: 2.160000000, size: 50, action: 'T', side: 'N', flags: LAST | TOB (194), depth: 0, ts_recv: 1734094909518837539, ts_in_delta: 32743, sequence: 58341, levels: [BidAskPair { bid_px: 2.160000000, ask_px: 2.190000000, bid_sz: 200, ask_sz: 200, bid_ct: 0, ask_ct: 0 }] }
Received MBP1Msg
Received MBP1Msg: Mbp1Msg { hd: RecordHeader { length: 22, rtype: Mbp1, publisher_id: DbeqBasicIexg, instrument_id: 10009, ts_event: 1734094910440543645 }, price: 1.680000000, size: 30, action: 'T', side: 'N', flags: LAST | TOB (194), depth: 0, ts_recv: 1734094910440791417, ts_in_delta: 49674, sequence: 58356, levels: [BidAskPair { bid_px: 1.680000000, ask_px: 1.700000000, bid_sz: 190, ask_sz: 500, bid_ct: 0, ask_ct: 0 }] }
Received MBP1Msg
Received MBP1Msg: Mbp1Msg { hd: RecordHeader { length: 22, rtype: Mbp1, publisher_id: DbeqBasicIexg, instrument_id: 18614, ts_event: 1734094911375052500 }, price: 1.920000000, size: 200, action: 'T', side: 'N', flags: LAST | TOB (194), depth: 0, ts_recv: 1734094911375252987, ts_in_delta: 41602, sequence: 58363, levels: [BidAskPair { bid_px: 1.890000000, ask_px: 1.920000000, bid_sz: 200, ask_sz: 200, bid_ct: 0, ask_ct: 0 }] }
Received MBP1Msg
Received MBP1Msg: Mbp1Msg { hd: RecordHeader { length: 22, rtype: Mbp1, publisher_id: DbeqBasicIexg, instrument_id: 16773, ts_event: 1734094912221400721 }, price: 2.160000000, size: 150, action: 'T', side: 'N', flags: LAST | TOB (194), depth: 0, ts_recv: 1734094912221607209, ts_in_delta: 42395, sequence: 58370, levels: [BidAskPair { bid_px: 2.160000000, ask_px: 2.170000000, bid_sz: 150, ask_sz: 200, bid_ct: 0, ask_ct: 0 }] }
Received MBP1Msg
Received MBP1Msg: Mbp1Msg { hd: RecordHeader { length: 22, rtype: Mbp1, publisher_id: DbeqBasicIexg, instrument_id: 16773, ts_event: 1734094913418738115 }, price: 2.170000000, size: 200, action: 'T', side: 'N', flags: LAST | TOB (194), depth: 0, ts_recv: 1734094913418939115, ts_in_delta: 40258, sequence: 58374, levels: [BidAskPair { bid_px: 2.160000000, ask_px: 2.170000000, bid_sz: 200, ask_sz: 200, bid_ct: 0, ask_ct: 0 }] }
Received MBP1Msg
Received MBP1Msg: Mbp1Msg { hd: RecordHeader { length: 22, rtype: Mbp1, publisher_id: DbeqBasicIexg, instrument_id: 18614, ts_event: 1734094915968053750 }, price: 1.880000000, size: 10, action: 'T', side: 'N', flags: LAST | TOB (194), depth: 0, ts_recv: 1734094915968293317, ts_in_delta: 38572, sequence: 58392, levels: [BidAskPair { bid_px: 1.880000000, ask_px: 1.890000000, bid_sz: 200, ask_sz: 200, bid_ct: 0, ask_ct: 0 }] }
Received MBP1Msg
Received MBP1Msg: Mbp1Msg { hd: RecordHeader { length: 22, rtype: Mbp1, publisher_id: DbeqBasicIexg, instrument_id: 18614, ts_event: 1734094916067747949 }, price: 1.880000000, size: 10, action: 'T', side: 'N', flags: LAST | TOB (194), depth: 0, ts_recv: 1734094916067889473, ts_in_delta: 38662, sequence: 58396, levels: [BidAskPair { bid_px: 1.880000000, ask_px: 1.890000000, bid_sz: 190, ask_sz: 200, bid_ct: 0, ask_ct: 0 }] }
Received MBP1Msg
Received MBP1Msg: Mbp1Msg { hd: RecordHeader { length: 22, rtype: Mbp1, publisher_id: DbeqBasicIexg, instrument_id: 16773, ts_event: 1734094916158601608 }, price: 2.170000000, size: 200, action: 'T', side: 'N', flags: LAST | TOB (194), depth: 0, ts_recv: 1734094916158782077, ts_in_delta: 33547, sequence: 58398, levels: [BidAskPair { bid_px: 2.160000000, ask_px: 2.170000000, bid_sz: 200, ask_sz: 200, bid_ct: 0, ask_ct: 0 }] }
Received MBP1Msg
Received MBP1Msg: Mbp1Msg { hd: RecordHeader { length: 22, rtype: Mbp1, publisher_id: DbeqBasicIexg, instrument_id: 18614, ts_event: 1734094917384704805 }, price: 1.890000000, size: 200, action: 'T', side: 'N', flags: LAST | TOB (194), depth: 0, ts_recv: 1734094917384908555, ts_in_delta: 44627, sequence: 58405, levels: [BidAskPair { bid_px: 1.850000000, ask_px: 1.890000000, bid_sz: 200, ask_sz: 200, bid_ct: 0, ask_ct: 0 }] }
Received MBP1Msg
Received MBP1Msg: Mbp1Msg { hd: RecordHeader { length: 22, rtype: Mbp1, publisher_id: DbeqBasicIexg, instrument_id: 18614, ts_event: 1734094917678312552 }, price: 1.880000000, size: 100, action: 'T', side: 'N', flags: LAST | TOB (194), depth: 0, ts_recv: 1734094917678470181, ts_in_delta: 37611, sequence: 58409, levels: [BidAskPair { bid_px: 1.880000000, ask_px: 1.920000000, bid_sz: 200, ask_sz: 200, bid_ct: 0, ask_ct: 0 }] }
Received MBP1Msg
Received MBP1Msg: Mbp1Msg { hd: RecordHeader { length: 22, rtype: Mbp1, publisher_id: DbeqBasicIexg, instrument_id: 16773, ts_event: 1734094917835194488 }, price: 2.170000000, size: 100, action: 'T', side: 'N', flags: LAST | TOB (194), depth: 0, ts_recv: 1734094917835349351, ts_in_delta: 36999, sequence: 58412, levels: [BidAskPair { bid_px: 2.160000000, ask_px: 2.170000000, bid_sz: 200, ask_sz: 200, bid_ct: 0, ask_ct: 0 }] }
Received MBP1Msg
Received MBP1Msg: Mbp1Msg { hd: RecordHeader { length: 22, rtype: Mbp1, publisher_id: DbeqBasicIexg, instrument_id: 18614, ts_event: 1734094918343378900 }, price: 1.880000000, size: 100, action: 'T', side: 'N', flags: LAST | TOB (194), depth: 0, ts_recv: 1734094918343587871, ts_in_delta: 44348, sequence: 58414, levels: [BidAskPair { bid_px: 1.880000000, ask_px: 1.920000000, bid_sz: 100, ask_sz: 200, bid_ct: 0, ask_ct: 0 }] }
Received MBP1Msg
Received MBP1Msg: Mbp1Msg { hd: RecordHeader { length: 22, rtype: Mbp1, publisher_id: DbeqBasicIexg, instrument_id: 16773, ts_event: 1734094919380213643 }, price: 2.160000000, size: 200, action: 'T', side: 'N', flags: LAST | TOB (194), depth: 0, ts_recv: 1734094919380410815, ts_in_delta: 41789, sequence: 58426, levels: [BidAskPair { bid_px: 2.160000000, ask_px: 2.170000000, bid_sz: 200, ask_sz: 200, bid_ct: 0, ask_ct: 0 }] }
Received MBP1Msg
Received MBP1Msg: Mbp1Msg { hd: RecordHeader { length: 22, rtype: Mbp1, publisher_id: DbeqBasicIexg, instrument_id: 18614, ts_event: 1734094920108221190 }, price: 1.890000000, size: 48, action: 'T', side: 'N', flags: LAST | TOB (194), depth: 0, ts_recv: 1734094920108397267, ts_in_delta: 39681, sequence: 58572, levels: [BidAskPair { bid_px: 1.890000000, ask_px: 1.920000000, bid_sz: 200, ask_sz: 200, bid_ct: 0, ask_ct: 0 }] }
